2024-09-04 16:49:05.078 [info] [main] Log level: Info
2024-09-04 16:49:05.078 [info] [main] Validating found git in: "git"
2024-09-04 16:49:05.078 [info] [main] Using git "2.25.1" from "git"
2024-09-04 16:49:05.078 [info] [Model][doInitialScan] Initial repository scan started
2024-09-04 16:49:05.078 [info] > git rev-parse --show-toplevel [15ms]
2024-09-04 16:49:05.079 [info] > git rev-parse --git-dir --git-common-dir [2ms]
2024-09-04 16:49:05.090 [info] [Model][openRepository] Opened repository: /home/rasyiidwho/airgeddon
2024-09-04 16:49:05.103 [info] > git rev-parse --show-toplevel [3ms]
2024-09-04 16:49:05.104 [info] > git config --get commit.template [7ms]
2024-09-04 16:49:05.122 [info] > git for-each-ref --format=%(refname)%00%(upstream:short)%00%(objectname)%00%(upstream:track)%00%(upstream:remotename)%00%(upstream:remoteref) refs/heads/evilreplace refs/remotes/evilreplace [3ms]
2024-09-04 16:49:05.132 [info] > git rev-parse --show-toplevel [21ms]
2024-09-04 16:49:05.157 [info] > git status -z -uall [26ms]
2024-09-04 16:49:05.194 [info] > git for-each-ref --format=%(refname)%00%(upstream:short)%00%(objectname)%00%(upstream:track)%00%(upstream:remotename)%00%(upstream:remoteref) refs/heads/evilreplace refs/remotes/evilreplace [27ms]
2024-09-04 16:49:05.201 [info] > git rev-parse --show-toplevel [45ms]
2024-09-04 16:49:05.232 [info] > git config --local branch.evilreplace.vscode-merge-base [32ms]
2024-09-04 16:49:05.237 [info] > git config --get commit.template [45ms]
2024-09-04 16:49:05.242 [info] > git for-each-ref --format=%(refname)%00%(upstream:short)%00%(objectname)%00%(upstream:track)%00%(upstream:remotename)%00%(upstream:remoteref) refs/heads/origin/master refs/remotes/origin/master [4ms]
2024-09-04 16:49:05.243 [info] > git rev-parse --show-toplevel [12ms]
2024-09-04 16:49:05.306 [info] > git rev-parse --show-toplevel [19ms]
2024-09-04 16:49:05.309 [info] [Model][doInitialScan] Initial repository scan completed - repositories (1), closed repositories (0), parent repositories (0), unsafe repositories (0)
2024-09-04 16:49:05.309 [info] > git for-each-ref --format=%(refname)%00%(upstream:short)%00%(objectname)%00%(upstream:track)%00%(upstream:remotename)%00%(upstream:remoteref) refs/heads/evilreplace refs/remotes/evilreplace [27ms]
2024-09-04 16:49:05.319 [info] > git status -z -uall [4ms]
2024-09-04 16:49:05.335 [info] > git for-each-ref --format=%(refname)%00%(upstream:short)%00%(objectname)%00%(upstream:track)%00%(upstream:remotename)%00%(upstream:remoteref) refs/heads/evilreplace refs/remotes/evilreplace [6ms]
2024-09-04 16:49:05.342 [info] > git config --local branch.evilreplace.vscode-merge-base [1ms]
2024-09-04 16:49:05.352 [info] > git for-each-ref --format=%(refname)%00%(upstream:short)%00%(objectname)%00%(upstream:track)%00%(upstream:remotename)%00%(upstream:remoteref) refs/heads/origin/master refs/remotes/origin/master [4ms]
2024-09-04 16:49:05.630 [info] > git check-ignore -v -z --stdin [2ms]
2024-09-04 16:49:13.778 [info] > git config --get commit.template [5ms]
2024-09-04 16:49:13.779 [info] > git for-each-ref --format=%(refname)%00%(upstream:short)%00%(objectname)%00%(upstream:track)%00%(upstream:remotename)%00%(upstream:remoteref) refs/heads/evilreplace refs/remotes/evilreplace [2ms]
2024-09-04 16:49:13.787 [info] > git status -z -uall [4ms]
2024-09-04 16:49:13.802 [info] > git for-each-ref --format=%(refname)%00%(upstream:short)%00%(objectname)%00%(upstream:track)%00%(upstream:remotename)%00%(upstream:remoteref) refs/heads/evilreplace refs/remotes/evilreplace [9ms]
2024-09-04 16:49:13.818 [info] > git config --local branch.evilreplace.vscode-merge-base [6ms]
2024-09-04 16:49:13.829 [info] > git for-each-ref --format=%(refname)%00%(upstream:short)%00%(objectname)%00%(upstream:track)%00%(upstream:remotename)%00%(upstream:remoteref) refs/heads/origin/master refs/remotes/origin/master [2ms]
2024-09-04 16:49:16.310 [info] > git ls-files --stage -- /home/rasyiidwho/airgeddon/airgeddon.sh [2ms]
2024-09-04 16:49:16.318 [info] > git cat-file -s 76e8055cb2d3f62b215ac573259be6bfa06474fe [2ms]
2024-09-04 16:49:16.319 [info] > git show --textconv :airgeddon.sh [20ms]
2024-09-04 16:49:18.813 [info] > git config --get commit.template [5ms]
2024-09-04 16:49:18.814 [info] > git for-each-ref --format=%(refname)%00%(upstream:short)%00%(objectname)%00%(upstream:track)%00%(upstream:remotename)%00%(upstream:remoteref) refs/heads/evilreplace refs/remotes/evilreplace [1ms]
2024-09-04 16:49:18.822 [info] > git status -z -uall [4ms]
2024-09-04 16:49:18.835 [info] > git for-each-ref --format=%(refname)%00%(upstream:short)%00%(objectname)%00%(upstream:track)%00%(upstream:remotename)%00%(upstream:remoteref) refs/heads/evilreplace refs/remotes/evilreplace [5ms]
2024-09-04 16:49:18.845 [info] > git config --local branch.evilreplace.vscode-merge-base [4ms]
2024-09-04 16:49:18.853 [info] > git for-each-ref --format=%(refname)%00%(upstream:short)%00%(objectname)%00%(upstream:track)%00%(upstream:remotename)%00%(upstream:remoteref) refs/heads/origin/master refs/remotes/origin/master [2ms]
2024-09-04 16:49:23.847 [info] > git config --get commit.template [5ms]
2024-09-04 16:49:23.848 [info] > git for-each-ref --format=%(refname)%00%(upstream:short)%00%(objectname)%00%(upstream:track)%00%(upstream:remotename)%00%(upstream:remoteref) refs/heads/evilreplace refs/remotes/evilreplace [2ms]
2024-09-04 16:49:23.855 [info] > git status -z -uall [4ms]
2024-09-04 16:49:23.867 [info] > git for-each-ref --format=%(refname)%00%(upstream:short)%00%(objectname)%00%(upstream:track)%00%(upstream:remotename)%00%(upstream:remoteref) refs/heads/evilreplace refs/remotes/evilreplace [7ms]
2024-09-04 16:49:23.878 [info] > git config --local branch.evilreplace.vscode-merge-base [4ms]
2024-09-04 16:49:23.888 [info] > git for-each-ref --format=%(refname)%00%(upstream:short)%00%(objectname)%00%(upstream:track)%00%(upstream:remotename)%00%(upstream:remoteref) refs/heads/origin/master refs/remotes/origin/master [1ms]
2024-09-04 16:49:28.878 [info] > git config --get commit.template [4ms]
2024-09-04 16:49:28.879 [info] > git for-each-ref --format=%(refname)%00%(upstream:short)%00%(objectname)%00%(upstream:track)%00%(upstream:remotename)%00%(upstream:remoteref) refs/heads/evilreplace refs/remotes/evilreplace [1ms]
2024-09-04 16:49:28.892 [info] > git status -z -uall [5ms]
2024-09-04 16:49:28.901 [info] > git for-each-ref --format=%(refname)%00%(upstream:short)%00%(objectname)%00%(upstream:track)%00%(upstream:remotename)%00%(upstream:remoteref) refs/heads/evilreplace refs/remotes/evilreplace [4ms]
2024-09-04 16:49:28.910 [info] > git config --local branch.evilreplace.vscode-merge-base [3ms]
2024-09-04 16:49:28.918 [info] > git for-each-ref --format=%(refname)%00%(upstream:short)%00%(objectname)%00%(upstream:track)%00%(upstream:remotename)%00%(upstream:remoteref) refs/heads/origin/master refs/remotes/origin/master [1ms]
2024-09-04 16:49:33.916 [info] > git config --get commit.template [5ms]
2024-09-04 16:49:33.917 [info] > git for-each-ref --format=%(refname)%00%(upstream:short)%00%(objectname)%00%(upstream:track)%00%(upstream:remotename)%00%(upstream:remoteref) refs/heads/evilreplace refs/remotes/evilreplace [2ms]
2024-09-04 16:49:33.924 [info] > git status -z -uall [4ms]
2024-09-04 16:49:33.934 [info] > git for-each-ref --format=%(refname)%00%(upstream:short)%00%(objectname)%00%(upstream:track)%00%(upstream:remotename)%00%(upstream:remoteref) refs/heads/evilreplace refs/remotes/evilreplace [5ms]
2024-09-04 16:49:33.944 [info] > git config --local branch.evilreplace.vscode-merge-base [3ms]
2024-09-04 16:49:33.952 [info] > git for-each-ref --format=%(refname)%00%(upstream:short)%00%(objectname)%00%(upstream:track)%00%(upstream:remotename)%00%(upstream:remoteref) refs/heads/origin/master refs/remotes/origin/master [2ms]
2024-09-04 16:49:38.946 [info] > git config --get commit.template [5ms]
2024-09-04 16:49:38.947 [info] > git for-each-ref --format=%(refname)%00%(upstream:short)%00%(objectname)%00%(upstream:track)%00%(upstream:remotename)%00%(upstream:remoteref) refs/heads/evilreplace refs/remotes/evilreplace [2ms]
2024-09-04 16:49:38.955 [info] > git status -z -uall [4ms]
2024-09-04 16:49:38.965 [info] > git for-each-ref --format=%(refname)%00%(upstream:short)%00%(objectname)%00%(upstream:track)%00%(upstream:remotename)%00%(upstream:remoteref) refs/heads/evilreplace refs/remotes/evilreplace [4ms]
2024-09-04 16:49:38.972 [info] > git config --local branch.evilreplace.vscode-merge-base [3ms]
2024-09-04 16:49:38.978 [info] > git for-each-ref --format=%(refname)%00%(upstream:short)%00%(objectname)%00%(upstream:track)%00%(upstream:remotename)%00%(upstream:remoteref) refs/heads/origin/master refs/remotes/origin/master [1ms]
2024-09-04 16:49:43.981 [info] > git config --get commit.template [6ms]
2024-09-04 16:49:43.982 [info] > git for-each-ref --format=%(refname)%00%(upstream:short)%00%(objectname)%00%(upstream:track)%00%(upstream:remotename)%00%(upstream:remoteref) refs/heads/evilreplace refs/remotes/evilreplace [2ms]
2024-09-04 16:49:43.992 [info] > git status -z -uall [5ms]
2024-09-04 16:49:44.003 [info] > git for-each-ref --format=%(refname)%00%(upstream:short)%00%(objectname)%00%(upstream:track)%00%(upstream:remotename)%00%(upstream:remoteref) refs/heads/evilreplace refs/remotes/evilreplace [5ms]
2024-09-04 16:49:44.010 [info] > git config --local branch.evilreplace.vscode-merge-base [2ms]
2024-09-04 16:49:44.016 [info] > git for-each-ref --format=%(refname)%00%(upstream:short)%00%(objectname)%00%(upstream:track)%00%(upstream:remotename)%00%(upstream:remoteref) refs/heads/origin/master refs/remotes/origin/master [2ms]
2024-09-04 16:49:49.014 [info] > git config --get commit.template [5ms]
2024-09-04 16:49:49.015 [info] > git for-each-ref --format=%(refname)%00%(upstream:short)%00%(objectname)%00%(upstream:track)%00%(upstream:remotename)%00%(upstream:remoteref) refs/heads/evilreplace refs/remotes/evilreplace [1ms]
2024-09-04 16:49:49.027 [info] > git status -z -uall [4ms]
2024-09-04 16:49:49.036 [info] > git for-each-ref --format=%(refname)%00%(upstream:short)%00%(objectname)%00%(upstream:track)%00%(upstream:remotename)%00%(upstream:remoteref) refs/heads/evilreplace refs/remotes/evilreplace [4ms]
2024-09-04 16:49:49.044 [info] > git config --local branch.evilreplace.vscode-merge-base [3ms]
2024-09-04 16:49:49.050 [info] > git for-each-ref --format=%(refname)%00%(upstream:short)%00%(objectname)%00%(upstream:track)%00%(upstream:remotename)%00%(upstream:remoteref) refs/heads/origin/master refs/remotes/origin/master [2ms]
2024-09-04 16:49:54.048 [info] > git config --get commit.template [5ms]
2024-09-04 16:49:54.049 [info] > git for-each-ref --format=%(refname)%00%(upstream:short)%00%(objectname)%00%(upstream:track)%00%(upstream:remotename)%00%(upstream:remoteref) refs/heads/evilreplace refs/remotes/evilreplace [2ms]
2024-09-04 16:49:54.060 [info] > git status -z -uall [4ms]
2024-09-04 16:49:54.068 [info] > git for-each-ref --format=%(refname)%00%(upstream:short)%00%(objectname)%00%(upstream:track)%00%(upstream:remotename)%00%(upstream:remoteref) refs/heads/evilreplace refs/remotes/evilreplace [3ms]
2024-09-04 16:49:54.075 [info] > git config --local branch.evilreplace.vscode-merge-base [3ms]
2024-09-04 16:49:54.080 [info] > git for-each-ref --format=%(refname)%00%(upstream:short)%00%(objectname)%00%(upstream:track)%00%(upstream:remotename)%00%(upstream:remoteref) refs/heads/origin/master refs/remotes/origin/master [1ms]
2024-09-04 16:49:59.079 [info] > git config --get commit.template [5ms]
2024-09-04 16:49:59.080 [info] > git for-each-ref --format=%(refname)%00%(upstream:short)%00%(objectname)%00%(upstream:track)%00%(upstream:remotename)%00%(upstream:remoteref) refs/heads/evilreplace refs/remotes/evilreplace [2ms]
2024-09-04 16:49:59.087 [info] > git status -z -uall [4ms]
2024-09-04 16:49:59.098 [info] > git for-each-ref --format=%(refname)%00%(upstream:short)%00%(objectname)%00%(upstream:track)%00%(upstream:remotename)%00%(upstream:remoteref) refs/heads/evilreplace refs/remotes/evilreplace [5ms]
2024-09-04 16:49:59.109 [info] > git config --local branch.evilreplace.vscode-merge-base [4ms]
2024-09-04 16:49:59.116 [info] > git for-each-ref --format=%(refname)%00%(upstream:short)%00%(objectname)%00%(upstream:track)%00%(upstream:remotename)%00%(upstream:remoteref) refs/heads/origin/master refs/remotes/origin/master [2ms]
2024-09-04 16:50:04.109 [info] > git config --get commit.template [5ms]
2024-09-04 16:50:04.110 [info] > git for-each-ref --format=%(refname)%00%(upstream:short)%00%(objectname)%00%(upstream:track)%00%(upstream:remotename)%00%(upstream:remoteref) refs/heads/evilreplace refs/remotes/evilreplace [1ms]
2024-09-04 16:50:04.118 [info] > git status -z -uall [4ms]
2024-09-04 16:50:04.125 [info] > git for-each-ref --format=%(refname)%00%(upstream:short)%00%(objectname)%00%(upstream:track)%00%(upstream:remotename)%00%(upstream:remoteref) refs/heads/evilreplace refs/remotes/evilreplace [2ms]
2024-09-04 16:50:04.132 [info] > git config --local branch.evilreplace.vscode-merge-base [2ms]
2024-09-04 16:50:04.139 [info] > git for-each-ref --format=%(refname)%00%(upstream:short)%00%(objectname)%00%(upstream:track)%00%(upstream:remotename)%00%(upstream:remoteref) refs/heads/origin/master refs/remotes/origin/master [2ms]
2024-09-04 16:50:09.138 [info] > git config --get commit.template [5ms]
2024-09-04 16:50:09.139 [info] > git for-each-ref --format=%(refname)%00%(upstream:short)%00%(objectname)%00%(upstream:track)%00%(upstream:remotename)%00%(upstream:remoteref) refs/heads/evilreplace refs/remotes/evilreplace [1ms]
2024-09-04 16:50:09.150 [info] > git status -z -uall [4ms]
2024-09-04 16:50:09.158 [info] > git for-each-ref --format=%(refname)%00%(upstream:short)%00%(objectname)%00%(upstream:track)%00%(upstream:remotename)%00%(upstream:remoteref) refs/heads/evilreplace refs/remotes/evilreplace [3ms]
2024-09-04 16:50:09.166 [info] > git config --local branch.evilreplace.vscode-merge-base [3ms]
2024-09-04 16:50:09.172 [info] > git for-each-ref --format=%(refname)%00%(upstream:short)%00%(objectname)%00%(upstream:track)%00%(upstream:remotename)%00%(upstream:remoteref) refs/heads/origin/master refs/remotes/origin/master [1ms]
2024-09-04 16:50:14.173 [info] > git config --get commit.template [5ms]
2024-09-04 16:50:14.174 [info] > git for-each-ref --format=%(refname)%00%(upstream:short)%00%(objectname)%00%(upstream:track)%00%(upstream:remotename)%00%(upstream:remoteref) refs/heads/evilreplace refs/remotes/evilreplace [2ms]
2024-09-04 16:50:14.184 [info] > git status -z -uall [3ms]
2024-09-04 16:50:14.192 [info] > git for-each-ref --format=%(refname)%00%(upstream:short)%00%(objectname)%00%(upstream:track)%00%(upstream:remotename)%00%(upstream:remoteref) refs/heads/evilreplace refs/remotes/evilreplace [3ms]
2024-09-04 16:50:14.199 [info] > git config --local branch.evilreplace.vscode-merge-base [2ms]
2024-09-04 16:50:14.205 [info] > git for-each-ref --format=%(refname)%00%(upstream:short)%00%(objectname)%00%(upstream:track)%00%(upstream:remotename)%00%(upstream:remoteref) refs/heads/origin/master refs/remotes/origin/master [2ms]
2024-09-04 16:50:19.204 [info] > git config --get commit.template [5ms]
2024-09-04 16:50:19.205 [info] > git for-each-ref --format=%(refname)%00%(upstream:short)%00%(objectname)%00%(upstream:track)%00%(upstream:remotename)%00%(upstream:remoteref) refs/heads/evilreplace refs/remotes/evilreplace [1ms]
2024-09-04 16:50:19.216 [info] > git status -z -uall [4ms]
2024-09-04 16:50:19.225 [info] > git for-each-ref --format=%(refname)%00%(upstream:short)%00%(objectname)%00%(upstream:track)%00%(upstream:remotename)%00%(upstream:remoteref) refs/heads/evilreplace refs/remotes/evilreplace [4ms]
2024-09-04 16:50:19.236 [info] > git config --local branch.evilreplace.vscode-merge-base [4ms]
2024-09-04 16:50:19.245 [info] > git for-each-ref --format=%(refname)%00%(upstream:short)%00%(objectname)%00%(upstream:track)%00%(upstream:remotename)%00%(upstream:remoteref) refs/heads/origin/master refs/remotes/origin/master [2ms]
2024-09-04 16:50:24.240 [info] > git config --get commit.template [5ms]
2024-09-04 16:50:24.240 [info] > git for-each-ref --format=%(refname)%00%(upstream:short)%00%(objectname)%00%(upstream:track)%00%(upstream:remotename)%00%(upstream:remoteref) refs/heads/evilreplace refs/remotes/evilreplace [1ms]
2024-09-04 16:50:24.248 [info] > git status -z -uall [4ms]
2024-09-04 16:50:24.256 [info] > git for-each-ref --format=%(refname)%00%(upstream:short)%00%(objectname)%00%(upstream:track)%00%(upstream:remotename)%00%(upstream:remoteref) refs/heads/evilreplace refs/remotes/evilreplace [3ms]
2024-09-04 16:50:24.263 [info] > git config --local branch.evilreplace.vscode-merge-base [3ms]
2024-09-04 16:50:24.269 [info] > git for-each-ref --format=%(refname)%00%(upstream:short)%00%(objectname)%00%(upstream:track)%00%(upstream:remotename)%00%(upstream:remoteref) refs/heads/origin/master refs/remotes/origin/master [2ms]
2024-09-04 16:50:29.274 [info] > git config --get commit.template [6ms]
2024-09-04 16:50:29.275 [info] > git for-each-ref --format=%(refname)%00%(upstream:short)%00%(objectname)%00%(upstream:track)%00%(upstream:remotename)%00%(upstream:remoteref) refs/heads/evilreplace refs/remotes/evilreplace [2ms]
2024-09-04 16:50:29.285 [info] > git status -z -uall [5ms]
2024-09-04 16:50:29.295 [info] > git for-each-ref --format=%(refname)%00%(upstream:short)%00%(objectname)%00%(upstream:track)%00%(upstream:remotename)%00%(upstream:remoteref) refs/heads/evilreplace refs/remotes/evilreplace [4ms]
2024-09-04 16:50:29.307 [info] > git config --local branch.evilreplace.vscode-merge-base [3ms]
2024-09-04 16:50:29.315 [info] > git for-each-ref --format=%(refname)%00%(upstream:short)%00%(objectname)%00%(upstream:track)%00%(upstream:remotename)%00%(upstream:remoteref) refs/heads/origin/master refs/remotes/origin/master [1ms]
2024-09-04 16:50:34.307 [info] > git config --get commit.template [4ms]
2024-09-04 16:50:34.308 [info] > git for-each-ref --format=%(refname)%00%(upstream:short)%00%(objectname)%00%(upstream:track)%00%(upstream:remotename)%00%(upstream:remoteref) refs/heads/evilreplace refs/remotes/evilreplace [1ms]
2024-09-04 16:50:34.320 [info] > git status -z -uall [4ms]
2024-09-04 16:50:34.328 [info] > git for-each-ref --format=%(refname)%00%(upstream:short)%00%(objectname)%00%(upstream:track)%00%(upstream:remotename)%00%(upstream:remoteref) refs/heads/evilreplace refs/remotes/evilreplace [3ms]
2024-09-04 16:50:34.335 [info] > git config --local branch.evilreplace.vscode-merge-base [3ms]
2024-09-04 16:50:34.341 [info] > git for-each-ref --format=%(refname)%00%(upstream:short)%00%(objectname)%00%(upstream:track)%00%(upstream:remotename)%00%(upstream:remoteref) refs/heads/origin/master refs/remotes/origin/master [1ms]
2024-09-04 16:50:39.341 [info] > git config --get commit.template [4ms]
2024-09-04 16:50:39.342 [info] > git for-each-ref --format=%(refname)%00%(upstream:short)%00%(objectname)%00%(upstream:track)%00%(upstream:remotename)%00%(upstream:remoteref) refs/heads/evilreplace refs/remotes/evilreplace [1ms]
2024-09-04 16:50:39.350 [info] > git status -z -uall [4ms]
2024-09-04 16:50:39.359 [info] > git for-each-ref --format=%(refname)%00%(upstream:short)%00%(objectname)%00%(upstream:track)%00%(upstream:remotename)%00%(upstream:remoteref) refs/heads/evilreplace refs/remotes/evilreplace [4ms]
2024-09-04 16:50:39.367 [info] > git config --local branch.evilreplace.vscode-merge-base [3ms]
2024-09-04 16:50:39.374 [info] > git for-each-ref --format=%(refname)%00%(upstream:short)%00%(objectname)%00%(upstream:track)%00%(upstream:remotename)%00%(upstream:remoteref) refs/heads/origin/master refs/remotes/origin/master [2ms]
2024-09-04 16:50:44.375 [info] > git config --get commit.template [4ms]
2024-09-04 16:50:44.376 [info] > git for-each-ref --format=%(refname)%00%(upstream:short)%00%(objectname)%00%(upstream:track)%00%(upstream:remotename)%00%(upstream:remoteref) refs/heads/evilreplace refs/remotes/evilreplace [2ms]
2024-09-04 16:50:44.383 [info] > git status -z -uall [4ms]
2024-09-04 16:50:44.392 [info] > git for-each-ref --format=%(refname)%00%(upstream:short)%00%(objectname)%00%(upstream:track)%00%(upstream:remotename)%00%(upstream:remoteref) refs/heads/evilreplace refs/remotes/evilreplace [4ms]
2024-09-04 16:50:44.398 [info] > git config --local branch.evilreplace.vscode-merge-base [2ms]
2024-09-04 16:50:44.404 [info] > git for-each-ref --format=%(refname)%00%(upstream:short)%00%(objectname)%00%(upstream:track)%00%(upstream:remotename)%00%(upstream:remoteref) refs/heads/origin/master refs/remotes/origin/master [1ms]
2024-09-04 16:50:49.406 [info] > git config --get commit.template [4ms]
2024-09-04 16:50:49.407 [info] > git for-each-ref --format=%(refname)%00%(upstream:short)%00%(objectname)%00%(upstream:track)%00%(upstream:remotename)%00%(upstream:remoteref) refs/heads/evilreplace refs/remotes/evilreplace [1ms]
2024-09-04 16:50:49.414 [info] > git status -z -uall [4ms]
2024-09-04 16:50:49.424 [info] > git for-each-ref --format=%(refname)%00%(upstream:short)%00%(objectname)%00%(upstream:track)%00%(upstream:remotename)%00%(upstream:remoteref) refs/heads/evilreplace refs/remotes/evilreplace [4ms]
2024-09-04 16:50:49.432 [info] > git config --local branch.evilreplace.vscode-merge-base [3ms]
2024-09-04 16:50:49.439 [info] > git for-each-ref --format=%(refname)%00%(upstream:short)%00%(objectname)%00%(upstream:track)%00%(upstream:remotename)%00%(upstream:remoteref) refs/heads/origin/master refs/remotes/origin/master [2ms]
2024-09-04 16:50:54.439 [info] > git config --get commit.template [6ms]
2024-09-04 16:50:54.440 [info] > git for-each-ref --format=%(refname)%00%(upstream:short)%00%(objectname)%00%(upstream:track)%00%(upstream:remotename)%00%(upstream:remoteref) refs/heads/evilreplace refs/remotes/evilreplace [2ms]
2024-09-04 16:50:54.455 [info] > git status -z -uall [5ms]
2024-09-04 16:50:54.464 [info] > git for-each-ref --format=%(refname)%00%(upstream:short)%00%(objectname)%00%(upstream:track)%00%(upstream:remotename)%00%(upstream:remoteref) refs/heads/evilreplace refs/remotes/evilreplace [3ms]
2024-09-04 16:50:54.471 [info] > git config --local branch.evilreplace.vscode-merge-base [2ms]
2024-09-04 16:50:54.481 [info] > git for-each-ref --format=%(refname)%00%(upstream:short)%00%(objectname)%00%(upstream:track)%00%(upstream:remotename)%00%(upstream:remoteref) refs/heads/origin/master refs/remotes/origin/master [1ms]
2024-09-04 16:50:59.485 [info] > git config --get commit.template [10ms]
2024-09-04 16:50:59.486 [info] > git for-each-ref --format=%(refname)%00%(upstream:short)%00%(objectname)%00%(upstream:track)%00%(upstream:remotename)%00%(upstream:remoteref) refs/heads/evilreplace refs/remotes/evilreplace [3ms]
2024-09-04 16:50:59.498 [info] > git status -z -uall [6ms]
2024-09-04 16:50:59.512 [info] > git for-each-ref --format=%(refname)%00%(upstream:short)%00%(objectname)%00%(upstream:track)%00%(upstream:remotename)%00%(upstream:remoteref) refs/heads/evilreplace refs/remotes/evilreplace [6ms]
2024-09-04 16:50:59.525 [info] > git config --local branch.evilreplace.vscode-merge-base [4ms]
2024-09-04 16:50:59.538 [info] > git for-each-ref --format=%(refname)%00%(upstream:short)%00%(objectname)%00%(upstream:track)%00%(upstream:remotename)%00%(upstream:remoteref) refs/heads/origin/master refs/remotes/origin/master [5ms]
2024-09-04 16:51:04.528 [info] > git config --get commit.template [5ms]
2024-09-04 16:51:04.529 [info] > git for-each-ref --format=%(refname)%00%(upstream:short)%00%(objectname)%00%(upstream:track)%00%(upstream:remotename)%00%(upstream:remoteref) refs/heads/evilreplace refs/remotes/evilreplace [2ms]
2024-09-04 16:51:04.536 [info] > git status -z -uall [3ms]
2024-09-04 16:51:04.544 [info] > git for-each-ref --format=%(refname)%00%(upstream:short)%00%(objectname)%00%(upstream:track)%00%(upstream:remotename)%00%(upstream:remoteref) refs/heads/evilreplace refs/remotes/evilreplace [3ms]
2024-09-04 16:51:04.551 [info] > git config --local branch.evilreplace.vscode-merge-base [2ms]
2024-09-04 16:51:04.557 [info] > git for-each-ref --format=%(refname)%00%(upstream:short)%00%(objectname)%00%(upstream:track)%00%(upstream:remotename)%00%(upstream:remoteref) refs/heads/origin/master refs/remotes/origin/master [1ms]
2024-09-04 16:51:09.556 [info] > git config --get commit.template [4ms]
2024-09-04 16:51:09.556 [info] > git for-each-ref --format=%(refname)%00%(upstream:short)%00%(objectname)%00%(upstream:track)%00%(upstream:remotename)%00%(upstream:remoteref) refs/heads/evilreplace refs/remotes/evilreplace [1ms]
2024-09-04 16:51:09.568 [info] > git status -z -uall [4ms]
2024-09-04 16:51:09.576 [info] > git for-each-ref --format=%(refname)%00%(upstream:short)%00%(objectname)%00%(upstream:track)%00%(upstream:remotename)%00%(upstream:remoteref) refs/heads/evilreplace refs/remotes/evilreplace [3ms]
2024-09-04 16:51:09.584 [info] > git config --local branch.evilreplace.vscode-merge-base [3ms]
2024-09-04 16:51:09.590 [info] > git for-each-ref --format=%(refname)%00%(upstream:short)%00%(objectname)%00%(upstream:track)%00%(upstream:remotename)%00%(upstream:remoteref) refs/heads/origin/master refs/remotes/origin/master [1ms]
2024-09-04 16:51:14.591 [info] > git config --get commit.template [4ms]
2024-09-04 16:51:14.592 [info] > git for-each-ref --format=%(refname)%00%(upstream:short)%00%(objectname)%00%(upstream:track)%00%(upstream:remotename)%00%(upstream:remoteref) refs/heads/evilreplace refs/remotes/evilreplace [2ms]
2024-09-04 16:51:14.599 [info] > git status -z -uall [4ms]
2024-09-04 16:51:14.607 [info] > git for-each-ref --format=%(refname)%00%(upstream:short)%00%(objectname)%00%(upstream:track)%00%(upstream:remotename)%00%(upstream:remoteref) refs/heads/evilreplace refs/remotes/evilreplace [3ms]
2024-09-04 16:51:14.614 [info] > git config --local branch.evilreplace.vscode-merge-base [2ms]
2024-09-04 16:51:14.619 [info] > git for-each-ref --format=%(refname)%00%(upstream:short)%00%(objectname)%00%(upstream:track)%00%(upstream:remotename)%00%(upstream:remoteref) refs/heads/origin/master refs/remotes/origin/master [1ms]
2024-09-04 16:51:19.619 [info] > git config --get commit.template [1ms]
2024-09-04 16:51:19.624 [info] > git for-each-ref --format=%(refname)%00%(upstream:short)%00%(objectname)%00%(upstream:track)%00%(upstream:remotename)%00%(upstream:remoteref) refs/heads/evilreplace refs/remotes/evilreplace [1ms]
2024-09-04 16:51:19.632 [info] > git status -z -uall [4ms]
2024-09-04 16:51:19.640 [info] > git for-each-ref --format=%(refname)%00%(upstream:short)%00%(objectname)%00%(upstream:track)%00%(upstream:remotename)%00%(upstream:remoteref) refs/heads/evilreplace refs/remotes/evilreplace [3ms]
2024-09-04 16:51:19.647 [info] > git config --local branch.evilreplace.vscode-merge-base [2ms]
2024-09-04 16:51:19.653 [info] > git for-each-ref --format=%(refname)%00%(upstream:short)%00%(objectname)%00%(upstream:track)%00%(upstream:remotename)%00%(upstream:remoteref) refs/heads/origin/master refs/remotes/origin/master [2ms]
2024-09-04 16:51:24.651 [info] > git config --get commit.template [5ms]
2024-09-04 16:51:24.652 [info] > git for-each-ref --format=%(refname)%00%(upstream:short)%00%(objectname)%00%(upstream:track)%00%(upstream:remotename)%00%(upstream:remoteref) refs/heads/evilreplace refs/remotes/evilreplace [1ms]
2024-09-04 16:51:24.660 [info] > git status -z -uall [4ms]
2024-09-04 16:51:24.669 [info] > git for-each-ref --format=%(refname)%00%(upstream:short)%00%(objectname)%00%(upstream:track)%00%(upstream:remotename)%00%(upstream:remoteref) refs/heads/evilreplace refs/remotes/evilreplace [4ms]
2024-09-04 16:51:24.676 [info] > git config --local branch.evilreplace.vscode-merge-base [3ms]
2024-09-04 16:51:24.682 [info] > git for-each-ref --format=%(refname)%00%(upstream:short)%00%(objectname)%00%(upstream:track)%00%(upstream:remotename)%00%(upstream:remoteref) refs/heads/origin/master refs/remotes/origin/master [1ms]
2024-09-04 16:51:29.685 [info] > git config --get commit.template [6ms]
2024-09-04 16:51:29.686 [info] > git for-each-ref --format=%(refname)%00%(upstream:short)%00%(objectname)%00%(upstream:track)%00%(upstream:remotename)%00%(upstream:remoteref) refs/heads/evilreplace refs/remotes/evilreplace [2ms]
2024-09-04 16:51:29.692 [info] > git status -z -uall [3ms]
2024-09-04 16:51:29.701 [info] > git for-each-ref --format=%(refname)%00%(upstream:short)%00%(objectname)%00%(upstream:track)%00%(upstream:remotename)%00%(upstream:remoteref) refs/heads/evilreplace refs/remotes/evilreplace [3ms]
2024-09-04 16:51:29.710 [info] > git config --local branch.evilreplace.vscode-merge-base [3ms]
2024-09-04 16:51:29.718 [info] > git for-each-ref --format=%(refname)%00%(upstream:short)%00%(objectname)%00%(upstream:track)%00%(upstream:remotename)%00%(upstream:remoteref) refs/heads/origin/master refs/remotes/origin/master [2ms]
2024-09-04 16:51:34.717 [info] > git config --get commit.template [6ms]
2024-09-04 16:51:34.718 [info] > git for-each-ref --format=%(refname)%00%(upstream:short)%00%(objectname)%00%(upstream:track)%00%(upstream:remotename)%00%(upstream:remoteref) refs/heads/evilreplace refs/remotes/evilreplace [1ms]
2024-09-04 16:51:34.728 [info] > git status -z -uall [5ms]
2024-09-04 16:51:34.741 [info] > git for-each-ref --format=%(refname)%00%(upstream:short)%00%(objectname)%00%(upstream:track)%00%(upstream:remotename)%00%(upstream:remoteref) refs/heads/evilreplace refs/remotes/evilreplace [4ms]
2024-09-04 16:51:34.749 [info] > git config --local branch.evilreplace.vscode-merge-base [3ms]
2024-09-04 16:51:34.755 [info] > git for-each-ref --format=%(refname)%00%(upstream:short)%00%(objectname)%00%(upstream:track)%00%(upstream:remotename)%00%(upstream:remoteref) refs/heads/origin/master refs/remotes/origin/master [1ms]
2024-09-04 16:51:39.755 [info] > git config --get commit.template [5ms]
2024-09-04 16:51:39.756 [info] > git for-each-ref --format=%(refname)%00%(upstream:short)%00%(objectname)%00%(upstream:track)%00%(upstream:remotename)%00%(upstream:remoteref) refs/heads/evilreplace refs/remotes/evilreplace [1ms]
2024-09-04 16:51:39.767 [info] > git status -z -uall [3ms]
2024-09-04 16:51:39.776 [info] > git for-each-ref --format=%(refname)%00%(upstream:short)%00%(objectname)%00%(upstream:track)%00%(upstream:remotename)%00%(upstream:remoteref) refs/heads/evilreplace refs/remotes/evilreplace [4ms]
2024-09-04 16:51:39.782 [info] > git config --local branch.evilreplace.vscode-merge-base [2ms]
2024-09-04 16:51:39.788 [info] > git for-each-ref --format=%(refname)%00%(upstream:short)%00%(objectname)%00%(upstream:track)%00%(upstream:remotename)%00%(upstream:remoteref) refs/heads/origin/master refs/remotes/origin/master [2ms]
2024-09-04 16:51:44.790 [info] > git config --get commit.template [5ms]
2024-09-04 16:51:44.791 [info] > git for-each-ref --format=%(refname)%00%(upstream:short)%00%(objectname)%00%(upstream:track)%00%(upstream:remotename)%00%(upstream:remoteref) refs/heads/evilreplace refs/remotes/evilreplace [2ms]
2024-09-04 16:51:44.804 [info] > git status -z -uall [5ms]
2024-09-04 16:51:44.812 [info] > git for-each-ref --format=%(refname)%00%(upstream:short)%00%(objectname)%00%(upstream:track)%00%(upstream:remotename)%00%(upstream:remoteref) refs/heads/evilreplace refs/remotes/evilreplace [3ms]
2024-09-04 16:51:44.818 [info] > git config --local branch.evilreplace.vscode-merge-base [2ms]
2024-09-04 16:51:44.825 [info] > git for-each-ref --format=%(refname)%00%(upstream:short)%00%(objectname)%00%(upstream:track)%00%(upstream:remotename)%00%(upstream:remoteref) refs/heads/origin/master refs/remotes/origin/master [2ms]
2024-09-04 16:51:49.825 [info] > git config --get commit.template [6ms]
2024-09-04 16:51:49.826 [info] > git for-each-ref --format=%(refname)%00%(upstream:short)%00%(objectname)%00%(upstream:track)%00%(upstream:remotename)%00%(upstream:remoteref) refs/heads/evilreplace refs/remotes/evilreplace [2ms]
2024-09-04 16:51:49.839 [info] > git status -z -uall [5ms]
2024-09-04 16:51:49.849 [info] > git for-each-ref --format=%(refname)%00%(upstream:short)%00%(objectname)%00%(upstream:track)%00%(upstream:remotename)%00%(upstream:remoteref) refs/heads/evilreplace refs/remotes/evilreplace [3ms]
2024-09-04 16:51:49.861 [info] > git config --local branch.evilreplace.vscode-merge-base [5ms]
2024-09-04 16:51:49.869 [info] > git for-each-ref --format=%(refname)%00%(upstream:short)%00%(objectname)%00%(upstream:track)%00%(upstream:remotename)%00%(upstream:remoteref) refs/heads/origin/master refs/remotes/origin/master [1ms]
2024-09-04 16:51:54.864 [info] > git config --get commit.template [5ms]
2024-09-04 16:51:54.866 [info] > git for-each-ref --format=%(refname)%00%(upstream:short)%00%(objectname)%00%(upstream:track)%00%(upstream:remotename)%00%(upstream:remoteref) refs/heads/evilreplace refs/remotes/evilreplace [1ms]
2024-09-04 16:51:54.872 [info] > git status -z -uall [3ms]
2024-09-04 16:51:54.881 [info] > git for-each-ref --format=%(refname)%00%(upstream:short)%00%(objectname)%00%(upstream:track)%00%(upstream:remotename)%00%(upstream:remoteref) refs/heads/evilreplace refs/remotes/evilreplace [3ms]
2024-09-04 16:51:54.887 [info] > git config --local branch.evilreplace.vscode-merge-base [2ms]
2024-09-04 16:51:54.892 [info] > git for-each-ref --format=%(refname)%00%(upstream:short)%00%(objectname)%00%(upstream:track)%00%(upstream:remotename)%00%(upstream:remoteref) refs/heads/origin/master refs/remotes/origin/master [1ms]
2024-09-04 16:51:59.893 [info] > git config --get commit.template [5ms]
2024-09-04 16:51:59.894 [info] > git for-each-ref --format=%(refname)%00%(upstream:short)%00%(objectname)%00%(upstream:track)%00%(upstream:remotename)%00%(upstream:remoteref) refs/heads/evilreplace refs/remotes/evilreplace [2ms]
2024-09-04 16:51:59.901 [info] > git status -z -uall [4ms]
2024-09-04 16:51:59.909 [info] > git for-each-ref --format=%(refname)%00%(upstream:short)%00%(objectname)%00%(upstream:track)%00%(upstream:remotename)%00%(upstream:remoteref) refs/heads/evilreplace refs/remotes/evilreplace [3ms]
2024-09-04 16:51:59.916 [info] > git config --local branch.evilreplace.vscode-merge-base [2ms]
2024-09-04 16:51:59.922 [info] > git for-each-ref --format=%(refname)%00%(upstream:short)%00%(objectname)%00%(upstream:track)%00%(upstream:remotename)%00%(upstream:remoteref) refs/heads/origin/master refs/remotes/origin/master [1ms]
2024-09-04 16:52:04.923 [info] > git config --get commit.template [5ms]
2024-09-04 16:52:04.923 [info] > git for-each-ref --format=%(refname)%00%(upstream:short)%00%(objectname)%00%(upstream:track)%00%(upstream:remotename)%00%(upstream:remoteref) refs/heads/evilreplace refs/remotes/evilreplace [1ms]
2024-09-04 16:52:04.932 [info] > git status -z -uall [4ms]
2024-09-04 16:52:04.940 [info] > git for-each-ref --format=%(refname)%00%(upstream:short)%00%(objectname)%00%(upstream:track)%00%(upstream:remotename)%00%(upstream:remoteref) refs/heads/evilreplace refs/remotes/evilreplace [3ms]
2024-09-04 16:52:04.947 [info] > git config --local branch.evilreplace.vscode-merge-base [2ms]
2024-09-04 16:52:04.953 [info] > git for-each-ref --format=%(refname)%00%(upstream:short)%00%(objectname)%00%(upstream:track)%00%(upstream:remotename)%00%(upstream:remoteref) refs/heads/origin/master refs/remotes/origin/master [1ms]
2024-09-04 16:52:09.953 [info] > git config --get commit.template [5ms]
2024-09-04 16:52:09.954 [info] > git for-each-ref --format=%(refname)%00%(upstream:short)%00%(objectname)%00%(upstream:track)%00%(upstream:remotename)%00%(upstream:remoteref) refs/heads/evilreplace refs/remotes/evilreplace [2ms]
2024-09-04 16:52:09.961 [info] > git status -z -uall [4ms]
2024-09-04 16:52:09.969 [info] > git for-each-ref --format=%(refname)%00%(upstream:short)%00%(objectname)%00%(upstream:track)%00%(upstream:remotename)%00%(upstream:remoteref) refs/heads/evilreplace refs/remotes/evilreplace [3ms]
2024-09-04 16:52:09.976 [info] > git config --local branch.evilreplace.vscode-merge-base [2ms]
2024-09-04 16:52:09.982 [info] > git for-each-ref --format=%(refname)%00%(upstream:short)%00%(objectname)%00%(upstream:track)%00%(upstream:remotename)%00%(upstream:remoteref) refs/heads/origin/master refs/remotes/origin/master [2ms]
2024-09-04 16:52:14.982 [info] > git config --get commit.template [4ms]
2024-09-04 16:52:14.983 [info] > git for-each-ref --format=%(refname)%00%(upstream:short)%00%(objectname)%00%(upstream:track)%00%(upstream:remotename)%00%(upstream:remoteref) refs/heads/evilreplace refs/remotes/evilreplace [2ms]
2024-09-04 16:52:14.990 [info] > git status -z -uall [4ms]
2024-09-04 16:52:14.998 [info] > git for-each-ref --format=%(refname)%00%(upstream:short)%00%(objectname)%00%(upstream:track)%00%(upstream:remotename)%00%(upstream:remoteref) refs/heads/evilreplace refs/remotes/evilreplace [3ms]
2024-09-04 16:52:15.004 [info] > git config --local branch.evilreplace.vscode-merge-base [2ms]
2024-09-04 16:52:15.009 [info] > git for-each-ref --format=%(refname)%00%(upstream:short)%00%(objectname)%00%(upstream:track)%00%(upstream:remotename)%00%(upstream:remoteref) refs/heads/origin/master refs/remotes/origin/master [1ms]
2024-09-04 16:52:20.010 [info] > git config --get commit.template [5ms]
2024-09-04 16:52:20.011 [info] > git for-each-ref --format=%(refname)%00%(upstream:short)%00%(objectname)%00%(upstream:track)%00%(upstream:remotename)%00%(upstream:remoteref) refs/heads/evilreplace refs/remotes/evilreplace [2ms]
2024-09-04 16:52:20.022 [info] > git status -z -uall [4ms]
2024-09-04 16:52:20.031 [info] > git for-each-ref --format=%(refname)%00%(upstream:short)%00%(objectname)%00%(upstream:track)%00%(upstream:remotename)%00%(upstream:remoteref) refs/heads/evilreplace refs/remotes/evilreplace [3ms]
2024-09-04 16:52:20.037 [info] > git config --local branch.evilreplace.vscode-merge-base [2ms]
2024-09-04 16:52:20.043 [info] > git for-each-ref --format=%(refname)%00%(upstream:short)%00%(objectname)%00%(upstream:track)%00%(upstream:remotename)%00%(upstream:remoteref) refs/heads/origin/master refs/remotes/origin/master [1ms]
2024-09-04 16:52:25.045 [info] > git config --get commit.template [4ms]
2024-09-04 16:52:25.049 [info] > git for-each-ref --format=%(refname)%00%(upstream:short)%00%(objectname)%00%(upstream:track)%00%(upstream:remotename)%00%(upstream:remoteref) refs/heads/evilreplace refs/remotes/evilreplace [4ms]
2024-09-04 16:52:25.056 [info] > git status -z -uall [3ms]
2024-09-04 16:52:25.064 [info] > git for-each-ref --format=%(refname)%00%(upstream:short)%00%(objectname)%00%(upstream:track)%00%(upstream:remotename)%00%(upstream:remoteref) refs/heads/evilreplace refs/remotes/evilreplace [3ms]
2024-09-04 16:52:25.071 [info] > git config --local branch.evilreplace.vscode-merge-base [1ms]
2024-09-04 16:52:25.076 [info] > git for-each-ref --format=%(refname)%00%(upstream:short)%00%(objectname)%00%(upstream:track)%00%(upstream:remotename)%00%(upstream:remoteref) refs/heads/origin/master refs/remotes/origin/master [1ms]
2024-09-04 16:52:30.077 [info] > git config --get commit.template [5ms]
2024-09-04 16:52:30.078 [info] > git for-each-ref --format=%(refname)%00%(upstream:short)%00%(objectname)%00%(upstream:track)%00%(upstream:remotename)%00%(upstream:remoteref) refs/heads/evilreplace refs/remotes/evilreplace [2ms]
2024-09-04 16:52:30.085 [info] > git status -z -uall [3ms]
2024-09-04 16:52:30.093 [info] > git for-each-ref --format=%(refname)%00%(upstream:short)%00%(objectname)%00%(upstream:track)%00%(upstream:remotename)%00%(upstream:remoteref) refs/heads/evilreplace refs/remotes/evilreplace [3ms]
2024-09-04 16:52:30.099 [info] > git config --local branch.evilreplace.vscode-merge-base [2ms]
2024-09-04 16:52:30.104 [info] > git for-each-ref --format=%(refname)%00%(upstream:short)%00%(objectname)%00%(upstream:track)%00%(upstream:remotename)%00%(upstream:remoteref) refs/heads/origin/master refs/remotes/origin/master [1ms]
2024-09-04 16:52:35.105 [info] > git config --get commit.template [4ms]
2024-09-04 16:52:35.106 [info] > git for-each-ref --format=%(refname)%00%(upstream:short)%00%(objectname)%00%(upstream:track)%00%(upstream:remotename)%00%(upstream:remoteref) refs/heads/evilreplace refs/remotes/evilreplace [1ms]
2024-09-04 16:52:35.117 [info] > git status -z -uall [3ms]
2024-09-04 16:52:35.125 [info] > git for-each-ref --format=%(refname)%00%(upstream:short)%00%(objectname)%00%(upstream:track)%00%(upstream:remotename)%00%(upstream:remoteref) refs/heads/evilreplace refs/remotes/evilreplace [3ms]
2024-09-04 16:52:35.133 [info] > git config --local branch.evilreplace.vscode-merge-base [2ms]
2024-09-04 16:52:35.141 [info] > git for-each-ref --format=%(refname)%00%(upstream:short)%00%(objectname)%00%(upstream:track)%00%(upstream:remotename)%00%(upstream:remoteref) refs/heads/origin/master refs/remotes/origin/master [2ms]
2024-09-04 16:52:40.138 [info] > git config --get commit.template [5ms]
2024-09-04 16:52:40.139 [info] > git for-each-ref --format=%(refname)%00%(upstream:short)%00%(objectname)%00%(upstream:track)%00%(upstream:remotename)%00%(upstream:remoteref) refs/heads/evilreplace refs/remotes/evilreplace [1ms]
2024-09-04 16:52:40.153 [info] > git status -z -uall [5ms]
2024-09-04 16:52:40.164 [info] > git for-each-ref --format=%(refname)%00%(upstream:short)%00%(objectname)%00%(upstream:track)%00%(upstream:remotename)%00%(upstream:remoteref) refs/heads/evilreplace refs/remotes/evilreplace [5ms]
2024-09-04 16:52:40.175 [info] > git config --local branch.evilreplace.vscode-merge-base [4ms]
2024-09-04 16:52:40.184 [info] > git for-each-ref --format=%(refname)%00%(upstream:short)%00%(objectname)%00%(upstream:track)%00%(upstream:remotename)%00%(upstream:remoteref) refs/heads/origin/master refs/remotes/origin/master [1ms]
2024-09-04 16:52:45.179 [info] > git config --get commit.template [5ms]
2024-09-04 16:52:45.180 [info] > git for-each-ref --format=%(refname)%00%(upstream:short)%00%(objectname)%00%(upstream:track)%00%(upstream:remotename)%00%(upstream:remoteref) refs/heads/evilreplace refs/remotes/evilreplace [2ms]
2024-09-04 16:52:45.190 [info] > git status -z -uall [3ms]
2024-09-04 16:52:45.198 [info] > git for-each-ref --format=%(refname)%00%(upstream:short)%00%(objectname)%00%(upstream:track)%00%(upstream:remotename)%00%(upstream:remoteref) refs/heads/evilreplace refs/remotes/evilreplace [3ms]
2024-09-04 16:52:45.205 [info] > git config --local branch.evilreplace.vscode-merge-base [2ms]
2024-09-04 16:52:45.211 [info] > git for-each-ref --format=%(refname)%00%(upstream:short)%00%(objectname)%00%(upstream:track)%00%(upstream:remotename)%00%(upstream:remoteref) refs/heads/origin/master refs/remotes/origin/master [1ms]
2024-09-04 16:52:50.208 [info] > git config --get commit.template [5ms]
2024-09-04 16:52:50.209 [info] > git for-each-ref --format=%(refname)%00%(upstream:short)%00%(objectname)%00%(upstream:track)%00%(upstream:remotename)%00%(upstream:remoteref) refs/heads/evilreplace refs/remotes/evilreplace [2ms]
2024-09-04 16:52:50.221 [info] > git status -z -uall [4ms]
2024-09-04 16:52:50.228 [info] > git for-each-ref --format=%(refname)%00%(upstream:short)%00%(objectname)%00%(upstream:track)%00%(upstream:remotename)%00%(upstream:remoteref) refs/heads/evilreplace refs/remotes/evilreplace [3ms]
2024-09-04 16:52:50.234 [info] > git config --local branch.evilreplace.vscode-merge-base [2ms]
2024-09-04 16:52:50.240 [info] > git for-each-ref --format=%(refname)%00%(upstream:short)%00%(objectname)%00%(upstream:track)%00%(upstream:remotename)%00%(upstream:remoteref) refs/heads/origin/master refs/remotes/origin/master [2ms]
2024-09-04 16:52:55.238 [info] > git config --get commit.template [5ms]
2024-09-04 16:52:55.239 [info] > git for-each-ref --format=%(refname)%00%(upstream:short)%00%(objectname)%00%(upstream:track)%00%(upstream:remotename)%00%(upstream:remoteref) refs/heads/evilreplace refs/remotes/evilreplace [1ms]
2024-09-04 16:52:55.250 [info] > git status -z -uall [4ms]
2024-09-04 16:52:55.258 [info] > git for-each-ref --format=%(refname)%00%(upstream:short)%00%(objectname)%00%(upstream:track)%00%(upstream:remotename)%00%(upstream:remoteref) refs/heads/evilreplace refs/remotes/evilreplace [3ms]
2024-09-04 16:52:55.264 [info] > git config --local branch.evilreplace.vscode-merge-base [2ms]
2024-09-04 16:52:55.270 [info] > git for-each-ref --format=%(refname)%00%(upstream:short)%00%(objectname)%00%(upstream:track)%00%(upstream:remotename)%00%(upstream:remoteref) refs/heads/origin/master refs/remotes/origin/master [2ms]
2024-09-04 16:53:00.280 [info] > git config --get commit.template [10ms]
2024-09-04 16:53:00.281 [info] > git for-each-ref --format=%(refname)%00%(upstream:short)%00%(objectname)%00%(upstream:track)%00%(upstream:remotename)%00%(upstream:remoteref) refs/heads/evilreplace refs/remotes/evilreplace [2ms]
2024-09-04 16:53:00.291 [info] > git status -z -uall [5ms]
2024-09-04 16:53:00.306 [info] > git for-each-ref --format=%(refname)%00%(upstream:short)%00%(objectname)%00%(upstream:track)%00%(upstream:remotename)%00%(upstream:remoteref) refs/heads/evilreplace refs/remotes/evilreplace [7ms]
2024-09-04 16:53:00.316 [info] > git config --local branch.evilreplace.vscode-merge-base [4ms]
2024-09-04 16:53:00.327 [info] > git for-each-ref --format=%(refname)%00%(upstream:short)%00%(objectname)%00%(upstream:track)%00%(upstream:remotename)%00%(upstream:remoteref) refs/heads/origin/master refs/remotes/origin/master [2ms]
2024-09-04 16:53:05.316 [info] > git config --get commit.template [4ms]
2024-09-04 16:53:05.317 [info] > git for-each-ref --format=%(refname)%00%(upstream:short)%00%(objectname)%00%(upstream:track)%00%(upstream:remotename)%00%(upstream:remoteref) refs/heads/evilreplace refs/remotes/evilreplace [1ms]
2024-09-04 16:53:05.325 [info] > git status -z -uall [4ms]
2024-09-04 16:53:05.335 [info] > git for-each-ref --format=%(refname)%00%(upstream:short)%00%(objectname)%00%(upstream:track)%00%(upstream:remotename)%00%(upstream:remoteref) refs/heads/evilreplace refs/remotes/evilreplace [4ms]
2024-09-04 16:53:05.344 [info] > git config --local branch.evilreplace.vscode-merge-base [3ms]
2024-09-04 16:53:05.351 [info] > git for-each-ref --format=%(refname)%00%(upstream:short)%00%(objectname)%00%(upstream:track)%00%(upstream:remotename)%00%(upstream:remoteref) refs/heads/origin/master refs/remotes/origin/master [2ms]
2024-09-04 16:53:10.350 [info] > git config --get commit.template [5ms]
2024-09-04 16:53:10.351 [info] > git for-each-ref --format=%(refname)%00%(upstream:short)%00%(objectname)%00%(upstream:track)%00%(upstream:remotename)%00%(upstream:remoteref) refs/heads/evilreplace refs/remotes/evilreplace [2ms]
2024-09-04 16:53:10.363 [info] > git status -z -uall [4ms]
2024-09-04 16:53:10.371 [info] > git for-each-ref --format=%(refname)%00%(upstream:short)%00%(objectname)%00%(upstream:track)%00%(upstream:remotename)%00%(upstream:remoteref) refs/heads/evilreplace refs/remotes/evilreplace [3ms]
2024-09-04 16:53:10.378 [info] > git config --local branch.evilreplace.vscode-merge-base [2ms]
2024-09-04 16:53:10.383 [info] > git for-each-ref --format=%(refname)%00%(upstream:short)%00%(objectname)%00%(upstream:track)%00%(upstream:remotename)%00%(upstream:remoteref) refs/heads/origin/master refs/remotes/origin/master [1ms]
2024-09-04 16:53:15.382 [info] > git config --get commit.template [4ms]
2024-09-04 16:53:15.382 [info] > git for-each-ref --format=%(refname)%00%(upstream:short)%00%(objectname)%00%(upstream:track)%00%(upstream:remotename)%00%(upstream:remoteref) refs/heads/evilreplace refs/remotes/evilreplace [1ms]
2024-09-04 16:53:15.389 [info] > git status -z -uall [3ms]
2024-09-04 16:53:15.397 [info] > git for-each-ref --format=%(refname)%00%(upstream:short)%00%(objectname)%00%(upstream:track)%00%(upstream:remotename)%00%(upstream:remoteref) refs/heads/evilreplace refs/remotes/evilreplace [4ms]
2024-09-04 16:53:15.404 [info] > git config --local branch.evilreplace.vscode-merge-base [2ms]
2024-09-04 16:53:15.410 [info] > git for-each-ref --format=%(refname)%00%(upstream:short)%00%(objectname)%00%(upstream:track)%00%(upstream:remotename)%00%(upstream:remoteref) refs/heads/origin/master refs/remotes/origin/master [2ms]
2024-09-04 16:53:20.407 [info] > git config --get commit.template [4ms]
2024-09-04 16:53:20.409 [info] > git for-each-ref --format=%(refname)%00%(upstream:short)%00%(objectname)%00%(upstream:track)%00%(upstream:remotename)%00%(upstream:remoteref) refs/heads/evilreplace refs/remotes/evilreplace [2ms]
2024-09-04 16:53:20.415 [info] > git status -z -uall [3ms]
2024-09-04 16:53:20.423 [info] > git for-each-ref --format=%(refname)%00%(upstream:short)%00%(objectname)%00%(upstream:track)%00%(upstream:remotename)%00%(upstream:remoteref) refs/heads/evilreplace refs/remotes/evilreplace [3ms]
2024-09-04 16:53:20.430 [info] > git config --local branch.evilreplace.vscode-merge-base [1ms]
2024-09-04 16:53:20.435 [info] > git for-each-ref --format=%(refname)%00%(upstream:short)%00%(objectname)%00%(upstream:track)%00%(upstream:remotename)%00%(upstream:remoteref) refs/heads/origin/master refs/remotes/origin/master [2ms]
2024-09-04 16:53:25.438 [info] > git config --get commit.template [5ms]
2024-09-04 16:53:25.439 [info] > git for-each-ref --format=%(refname)%00%(upstream:short)%00%(objectname)%00%(upstream:track)%00%(upstream:remotename)%00%(upstream:remoteref) refs/heads/evilreplace refs/remotes/evilreplace [2ms]
2024-09-04 16:53:25.451 [info] > git status -z -uall [6ms]
2024-09-04 16:53:25.462 [info] > git for-each-ref --format=%(refname)%00%(upstream:short)%00%(objectname)%00%(upstream:track)%00%(upstream:remotename)%00%(upstream:remoteref) refs/heads/evilreplace refs/remotes/evilreplace [4ms]
2024-09-04 16:53:25.470 [info] > git config --local branch.evilreplace.vscode-merge-base [2ms]
2024-09-04 16:53:25.477 [info] > git for-each-ref --format=%(refname)%00%(upstream:short)%00%(objectname)%00%(upstream:track)%00%(upstream:remotename)%00%(upstream:remoteref) refs/heads/origin/master refs/remotes/origin/master [2ms]
2024-09-04 16:53:30.476 [info] > git config --get commit.template [5ms]
2024-09-04 16:53:30.477 [info] > git for-each-ref --format=%(refname)%00%(upstream:short)%00%(objectname)%00%(upstream:track)%00%(upstream:remotename)%00%(upstream:remoteref) refs/heads/evilreplace refs/remotes/evilreplace [2ms]
2024-09-04 16:53:30.485 [info] > git status -z -uall [4ms]
2024-09-04 16:53:30.501 [info] > git for-each-ref --format=%(refname)%00%(upstream:short)%00%(objectname)%00%(upstream:track)%00%(upstream:remotename)%00%(upstream:remoteref) refs/heads/evilreplace refs/remotes/evilreplace [7ms]
2024-09-04 16:53:30.511 [info] > git config --local branch.evilreplace.vscode-merge-base [3ms]
2024-09-04 16:53:30.521 [info] > git for-each-ref --format=%(refname)%00%(upstream:short)%00%(objectname)%00%(upstream:track)%00%(upstream:remotename)%00%(upstream:remoteref) refs/heads/origin/master refs/remotes/origin/master [2ms]
2024-09-04 16:53:35.528 [info] > git config --get commit.template [12ms]
2024-09-04 16:53:35.529 [info] > git for-each-ref --format=%(refname)%00%(upstream:short)%00%(objectname)%00%(upstream:track)%00%(upstream:remotename)%00%(upstream:remoteref) refs/heads/evilreplace refs/remotes/evilreplace [2ms]
2024-09-04 16:53:35.547 [info] > git status -z -uall [5ms]
2024-09-04 16:53:35.557 [info] > git for-each-ref --format=%(refname)%00%(upstream:short)%00%(objectname)%00%(upstream:track)%00%(upstream:remotename)%00%(upstream:remoteref) refs/heads/evilreplace refs/remotes/evilreplace [4ms]
2024-09-04 16:53:35.568 [info] > git config --local branch.evilreplace.vscode-merge-base [3ms]
2024-09-04 16:53:35.576 [info] > git for-each-ref --format=%(refname)%00%(upstream:short)%00%(objectname)%00%(upstream:track)%00%(upstream:remotename)%00%(upstream:remoteref) refs/heads/origin/master refs/remotes/origin/master [2ms]
2024-09-04 16:53:40.572 [info] > git config --get commit.template [5ms]
2024-09-04 16:53:40.573 [info] > git for-each-ref --format=%(refname)%00%(upstream:short)%00%(objectname)%00%(upstream:track)%00%(upstream:remotename)%00%(upstream:remoteref) refs/heads/evilreplace refs/remotes/evilreplace [2ms]
2024-09-04 16:53:40.580 [info] > git status -z -uall [4ms]
2024-09-04 16:53:40.589 [info] > git for-each-ref --format=%(refname)%00%(upstream:short)%00%(objectname)%00%(upstream:track)%00%(upstream:remotename)%00%(upstream:remoteref) refs/heads/evilreplace refs/remotes/evilreplace [3ms]
2024-09-04 16:53:40.596 [info] > git config --local branch.evilreplace.vscode-merge-base [2ms]
2024-09-04 16:53:40.602 [info] > git for-each-ref --format=%(refname)%00%(upstream:short)%00%(objectname)%00%(upstream:track)%00%(upstream:remotename)%00%(upstream:remoteref) refs/heads/origin/master refs/remotes/origin/master [2ms]
2024-09-04 16:53:45.599 [info] > git config --get commit.template [4ms]
2024-09-04 16:53:45.599 [info] > git for-each-ref --format=%(refname)%00%(upstream:short)%00%(objectname)%00%(upstream:track)%00%(upstream:remotename)%00%(upstream:remoteref) refs/heads/evilreplace refs/remotes/evilreplace [1ms]
2024-09-04 16:53:45.610 [info] > git status -z -uall [3ms]
2024-09-04 16:53:45.617 [info] > git for-each-ref --format=%(refname)%00%(upstream:short)%00%(objectname)%00%(upstream:track)%00%(upstream:remotename)%00%(upstream:remoteref) refs/heads/evilreplace refs/remotes/evilreplace [3ms]
2024-09-04 16:53:45.624 [info] > git config --local branch.evilreplace.vscode-merge-base [3ms]
2024-09-04 16:53:45.639 [info] > git for-each-ref --format=%(refname)%00%(upstream:short)%00%(objectname)%00%(upstream:track)%00%(upstream:remotename)%00%(upstream:remoteref) refs/heads/origin/master refs/remotes/origin/master [11ms]
2024-09-04 16:53:50.633 [info] > git config --get commit.template [5ms]
2024-09-04 16:53:50.634 [info] > git for-each-ref --format=%(refname)%00%(upstream:short)%00%(objectname)%00%(upstream:track)%00%(upstream:remotename)%00%(upstream:remoteref) refs/heads/evilreplace refs/remotes/evilreplace [2ms]
2024-09-04 16:53:50.642 [info] > git status -z -uall [4ms]
2024-09-04 16:53:50.651 [info] > git for-each-ref --format=%(refname)%00%(upstream:short)%00%(objectname)%00%(upstream:track)%00%(upstream:remotename)%00%(upstream:remoteref) refs/heads/evilreplace refs/remotes/evilreplace [4ms]
2024-09-04 16:53:50.659 [info] > git config --local branch.evilreplace.vscode-merge-base [3ms]
2024-09-04 16:53:50.665 [info] > git for-each-ref --format=%(refname)%00%(upstream:short)%00%(objectname)%00%(upstream:track)%00%(upstream:remotename)%00%(upstream:remoteref) refs/heads/origin/master refs/remotes/origin/master [2ms]
2024-09-04 16:53:55.665 [info] > git config --get commit.template [6ms]
2024-09-04 16:53:55.666 [info] > git for-each-ref --format=%(refname)%00%(upstream:short)%00%(objectname)%00%(upstream:track)%00%(upstream:remotename)%00%(upstream:remoteref) refs/heads/evilreplace refs/remotes/evilreplace [3ms]
2024-09-04 16:53:55.676 [info] > git status -z -uall [4ms]
2024-09-04 16:53:55.685 [info] > git for-each-ref --format=%(refname)%00%(upstream:short)%00%(objectname)%00%(upstream:track)%00%(upstream:remotename)%00%(upstream:remoteref) refs/heads/evilreplace refs/remotes/evilreplace [4ms]
2024-09-04 16:53:55.691 [info] > git config --local branch.evilreplace.vscode-merge-base [2ms]
2024-09-04 16:53:55.698 [info] > git for-each-ref --format=%(refname)%00%(upstream:short)%00%(objectname)%00%(upstream:track)%00%(upstream:remotename)%00%(upstream:remoteref) refs/heads/origin/master refs/remotes/origin/master [2ms]
2024-09-04 16:54:00.697 [info] > git config --get commit.template [5ms]
2024-09-04 16:54:00.698 [info] > git for-each-ref --format=%(refname)%00%(upstream:short)%00%(objectname)%00%(upstream:track)%00%(upstream:remotename)%00%(upstream:remoteref) refs/heads/evilreplace refs/remotes/evilreplace [2ms]
2024-09-04 16:54:00.705 [info] > git status -z -uall [4ms]
2024-09-04 16:54:00.713 [info] > git for-each-ref --format=%(refname)%00%(upstream:short)%00%(objectname)%00%(upstream:track)%00%(upstream:remotename)%00%(upstream:remoteref) refs/heads/evilreplace refs/remotes/evilreplace [3ms]
2024-09-04 16:54:00.720 [info] > git config --local branch.evilreplace.vscode-merge-base [3ms]
2024-09-04 16:54:00.727 [info] > git for-each-ref --format=%(refname)%00%(upstream:short)%00%(objectname)%00%(upstream:track)%00%(upstream:remotename)%00%(upstream:remoteref) refs/heads/origin/master refs/remotes/origin/master [1ms]
2024-09-04 16:54:05.725 [info] > git config --get commit.template [6ms]
2024-09-04 16:54:05.726 [info] > git for-each-ref --format=%(refname)%00%(upstream:short)%00%(objectname)%00%(upstream:track)%00%(upstream:remotename)%00%(upstream:remoteref) refs/heads/evilreplace refs/remotes/evilreplace [2ms]
2024-09-04 16:54:05.733 [info] > git status -z -uall [4ms]
2024-09-04 16:54:05.741 [info] > git for-each-ref --format=%(refname)%00%(upstream:short)%00%(objectname)%00%(upstream:track)%00%(upstream:remotename)%00%(upstream:remoteref) refs/heads/evilreplace refs/remotes/evilreplace [3ms]
2024-09-04 16:54:05.747 [info] > git config --local branch.evilreplace.vscode-merge-base [2ms]
2024-09-04 16:54:05.752 [info] > git for-each-ref --format=%(refname)%00%(upstream:short)%00%(objectname)%00%(upstream:track)%00%(upstream:remotename)%00%(upstream:remoteref) refs/heads/origin/master refs/remotes/origin/master [1ms]
2024-09-04 16:54:10.752 [info] > git config --get commit.template [4ms]
2024-09-04 16:54:10.753 [info] > git for-each-ref --format=%(refname)%00%(upstream:short)%00%(objectname)%00%(upstream:track)%00%(upstream:remotename)%00%(upstream:remoteref) refs/heads/evilreplace refs/remotes/evilreplace [1ms]
2024-09-04 16:54:10.760 [info] > git status -z -uall [3ms]
2024-09-04 16:54:10.767 [info] > git for-each-ref --format=%(refname)%00%(upstream:short)%00%(objectname)%00%(upstream:track)%00%(upstream:remotename)%00%(upstream:remoteref) refs/heads/evilreplace refs/remotes/evilreplace [2ms]
2024-09-04 16:54:10.773 [info] > git config --local branch.evilreplace.vscode-merge-base [2ms]
2024-09-04 16:54:10.778 [info] > git for-each-ref --format=%(refname)%00%(upstream:short)%00%(objectname)%00%(upstream:track)%00%(upstream:remotename)%00%(upstream:remoteref) refs/heads/origin/master refs/remotes/origin/master [1ms]
2024-09-04 16:54:15.782 [info] > git config --get commit.template [4ms]
2024-09-04 16:54:15.783 [info] > git for-each-ref --format=%(refname)%00%(upstream:short)%00%(objectname)%00%(upstream:track)%00%(upstream:remotename)%00%(upstream:remoteref) refs/heads/evilreplace refs/remotes/evilreplace [1ms]
2024-09-04 16:54:15.794 [info] > git status -z -uall [3ms]
2024-09-04 16:54:15.802 [info] > git for-each-ref --format=%(refname)%00%(upstream:short)%00%(objectname)%00%(upstream:track)%00%(upstream:remotename)%00%(upstream:remoteref) refs/heads/evilreplace refs/remotes/evilreplace [3ms]
2024-09-04 16:54:15.808 [info] > git config --local branch.evilreplace.vscode-merge-base [2ms]
2024-09-04 16:54:15.814 [info] > git for-each-ref --format=%(refname)%00%(upstream:short)%00%(objectname)%00%(upstream:track)%00%(upstream:remotename)%00%(upstream:remoteref) refs/heads/origin/master refs/remotes/origin/master [2ms]
2024-09-04 16:54:20.818 [info] > git config --get commit.template [5ms]
2024-09-04 16:54:20.818 [info] > git for-each-ref --format=%(refname)%00%(upstream:short)%00%(objectname)%00%(upstream:track)%00%(upstream:remotename)%00%(upstream:remoteref) refs/heads/evilreplace refs/remotes/evilreplace [1ms]
2024-09-04 16:54:20.830 [info] > git status -z -uall [4ms]
2024-09-04 16:54:20.838 [info] > git for-each-ref --format=%(refname)%00%(upstream:short)%00%(objectname)%00%(upstream:track)%00%(upstream:remotename)%00%(upstream:remoteref) refs/heads/evilreplace refs/remotes/evilreplace [4ms]
2024-09-04 16:54:20.844 [info] > git config --local branch.evilreplace.vscode-merge-base [2ms]
2024-09-04 16:54:20.850 [info] > git for-each-ref --format=%(refname)%00%(upstream:short)%00%(objectname)%00%(upstream:track)%00%(upstream:remotename)%00%(upstream:remoteref) refs/heads/origin/master refs/remotes/origin/master [2ms]
2024-09-04 16:54:25.853 [info] > git config --get commit.template [5ms]
2024-09-04 16:54:25.854 [info] > git for-each-ref --format=%(refname)%00%(upstream:short)%00%(objectname)%00%(upstream:track)%00%(upstream:remotename)%00%(upstream:remoteref) refs/heads/evilreplace refs/remotes/evilreplace [1ms]
2024-09-04 16:54:25.866 [info] > git status -z -uall [4ms]
2024-09-04 16:54:25.873 [info] > git for-each-ref --format=%(refname)%00%(upstream:short)%00%(objectname)%00%(upstream:track)%00%(upstream:remotename)%00%(upstream:remoteref) refs/heads/evilreplace refs/remotes/evilreplace [3ms]
2024-09-04 16:54:25.880 [info] > git config --local branch.evilreplace.vscode-merge-base [2ms]
2024-09-04 16:54:25.885 [info] > git for-each-ref --format=%(refname)%00%(upstream:short)%00%(objectname)%00%(upstream:track)%00%(upstream:remotename)%00%(upstream:remoteref) refs/heads/origin/master refs/remotes/origin/master [1ms]
2024-09-04 16:54:30.885 [info] > git config --get commit.template [6ms]
2024-09-04 16:54:30.886 [info] > git for-each-ref --format=%(refname)%00%(upstream:short)%00%(objectname)%00%(upstream:track)%00%(upstream:remotename)%00%(upstream:remoteref) refs/heads/evilreplace refs/remotes/evilreplace [2ms]
2024-09-04 16:54:30.897 [info] > git status -z -uall [3ms]
2024-09-04 16:54:30.909 [info] > git for-each-ref --format=%(refname)%00%(upstream:short)%00%(objectname)%00%(upstream:track)%00%(upstream:remotename)%00%(upstream:remoteref) refs/heads/evilreplace refs/remotes/evilreplace [4ms]
2024-09-04 16:54:30.920 [info] > git config --local branch.evilreplace.vscode-merge-base [5ms]
2024-09-04 16:54:30.927 [info] > git for-each-ref --format=%(refname)%00%(upstream:short)%00%(objectname)%00%(upstream:track)%00%(upstream:remotename)%00%(upstream:remoteref) refs/heads/origin/master refs/remotes/origin/master [2ms]
2024-09-04 16:54:35.918 [info] > git config --get commit.template [4ms]
2024-09-04 16:54:35.919 [info] > git for-each-ref --format=%(refname)%00%(upstream:short)%00%(objectname)%00%(upstream:track)%00%(upstream:remotename)%00%(upstream:remoteref) refs/heads/evilreplace refs/remotes/evilreplace [1ms]
2024-09-04 16:54:35.931 [info] > git status -z -uall [5ms]
2024-09-04 16:54:35.938 [info] > git for-each-ref --format=%(refname)%00%(upstream:short)%00%(objectname)%00%(upstream:track)%00%(upstream:remotename)%00%(upstream:remoteref) refs/heads/evilreplace refs/remotes/evilreplace [3ms]
2024-09-04 16:54:35.943 [info] > git config --local branch.evilreplace.vscode-merge-base [1ms]
2024-09-04 16:54:35.948 [info] > git for-each-ref --format=%(refname)%00%(upstream:short)%00%(objectname)%00%(upstream:track)%00%(upstream:remotename)%00%(upstream:remoteref) refs/heads/origin/master refs/remotes/origin/master [1ms]
2024-09-04 16:54:40.953 [info] > git config --get commit.template [5ms]
2024-09-04 16:54:40.954 [info] > git for-each-ref --format=%(refname)%00%(upstream:short)%00%(objectname)%00%(upstream:track)%00%(upstream:remotename)%00%(upstream:remoteref) refs/heads/evilreplace refs/remotes/evilreplace [2ms]
2024-09-04 16:54:40.966 [info] > git status -z -uall [4ms]
2024-09-04 16:54:40.973 [info] > git for-each-ref --format=%(refname)%00%(upstream:short)%00%(objectname)%00%(upstream:track)%00%(upstream:remotename)%00%(upstream:remoteref) refs/heads/evilreplace refs/remotes/evilreplace [3ms]
2024-09-04 16:54:40.980 [info] > git config --local branch.evilreplace.vscode-merge-base [3ms]
2024-09-04 16:54:40.986 [info] > git for-each-ref --format=%(refname)%00%(upstream:short)%00%(objectname)%00%(upstream:track)%00%(upstream:remotename)%00%(upstream:remoteref) refs/heads/origin/master refs/remotes/origin/master [2ms]
2024-09-04 16:54:45.989 [info] > git config --get commit.template [7ms]
2024-09-04 16:54:45.989 [info] > git for-each-ref --format=%(refname)%00%(upstream:short)%00%(objectname)%00%(upstream:track)%00%(upstream:remotename)%00%(upstream:remoteref) refs/heads/evilreplace refs/remotes/evilreplace [2ms]
2024-09-04 16:54:46.005 [info] > git status -z -uall [5ms]
2024-09-04 16:54:46.017 [info] > git for-each-ref --format=%(refname)%00%(upstream:short)%00%(objectname)%00%(upstream:track)%00%(upstream:remotename)%00%(upstream:remoteref) refs/heads/evilreplace refs/remotes/evilreplace [5ms]
2024-09-04 16:54:46.028 [info] > git config --local branch.evilreplace.vscode-merge-base [4ms]
2024-09-04 16:54:46.036 [info] > git for-each-ref --format=%(refname)%00%(upstream:short)%00%(objectname)%00%(upstream:track)%00%(upstream:remotename)%00%(upstream:remoteref) refs/heads/origin/master refs/remotes/origin/master [2ms]
2024-09-04 16:54:51.028 [info] > git config --get commit.template [5ms]
2024-09-04 16:54:51.029 [info] > git for-each-ref --format=%(refname)%00%(upstream:short)%00%(objectname)%00%(upstream:track)%00%(upstream:remotename)%00%(upstream:remoteref) refs/heads/evilreplace refs/remotes/evilreplace [2ms]
2024-09-04 16:54:51.040 [info] > git status -z -uall [4ms]
2024-09-04 16:54:51.048 [info] > git for-each-ref --format=%(refname)%00%(upstream:short)%00%(objectname)%00%(upstream:track)%00%(upstream:remotename)%00%(upstream:remoteref) refs/heads/evilreplace refs/remotes/evilreplace [3ms]
2024-09-04 16:54:51.055 [info] > git config --local branch.evilreplace.vscode-merge-base [2ms]
2024-09-04 16:54:51.060 [info] > git for-each-ref --format=%(refname)%00%(upstream:short)%00%(objectname)%00%(upstream:track)%00%(upstream:remotename)%00%(upstream:remoteref) refs/heads/origin/master refs/remotes/origin/master [1ms]
2024-09-04 16:54:56.059 [info] > git config --get commit.template [5ms]
2024-09-04 16:54:56.060 [info] > git for-each-ref --format=%(refname)%00%(upstream:short)%00%(objectname)%00%(upstream:track)%00%(upstream:remotename)%00%(upstream:remoteref) refs/heads/evilreplace refs/remotes/evilreplace [2ms]
2024-09-04 16:54:56.070 [info] > git status -z -uall [3ms]
2024-09-04 16:54:56.076 [info] > git for-each-ref --format=%(refname)%00%(upstream:short)%00%(objectname)%00%(upstream:track)%00%(upstream:remotename)%00%(upstream:remoteref) refs/heads/evilreplace refs/remotes/evilreplace [2ms]
2024-09-04 16:54:56.082 [info] > git config --local branch.evilreplace.vscode-merge-base [2ms]
2024-09-04 16:54:56.087 [info] > git for-each-ref --format=%(refname)%00%(upstream:short)%00%(objectname)%00%(upstream:track)%00%(upstream:remotename)%00%(upstream:remoteref) refs/heads/origin/master refs/remotes/origin/master [1ms]
2024-09-04 16:55:01.086 [info] > git config --get commit.template [4ms]
2024-09-04 16:55:01.087 [info] > git for-each-ref --format=%(refname)%00%(upstream:short)%00%(objectname)%00%(upstream:track)%00%(upstream:remotename)%00%(upstream:remoteref) refs/heads/evilreplace refs/remotes/evilreplace [1ms]
2024-09-04 16:55:01.094 [info] > git status -z -uall [3ms]
2024-09-04 16:55:01.103 [info] > git for-each-ref --format=%(refname)%00%(upstream:short)%00%(objectname)%00%(upstream:track)%00%(upstream:remotename)%00%(upstream:remoteref) refs/heads/evilreplace refs/remotes/evilreplace [3ms]
2024-09-04 16:55:01.110 [info] > git config --local branch.evilreplace.vscode-merge-base [2ms]
2024-09-04 16:55:01.116 [info] > git for-each-ref --format=%(refname)%00%(upstream:short)%00%(objectname)%00%(upstream:track)%00%(upstream:remotename)%00%(upstream:remoteref) refs/heads/origin/master refs/remotes/origin/master [2ms]
2024-09-04 16:55:06.117 [info] > git config --get commit.template [6ms]
2024-09-04 16:55:06.118 [info] > git for-each-ref --format=%(refname)%00%(upstream:short)%00%(objectname)%00%(upstream:track)%00%(upstream:remotename)%00%(upstream:remoteref) refs/heads/evilreplace refs/remotes/evilreplace [2ms]
2024-09-04 16:55:06.129 [info] > git status -z -uall [4ms]
2024-09-04 16:55:06.140 [info] > git for-each-ref --format=%(refname)%00%(upstream:short)%00%(objectname)%00%(upstream:track)%00%(upstream:remotename)%00%(upstream:remoteref) refs/heads/evilreplace refs/remotes/evilreplace [5ms]
2024-09-04 16:55:06.150 [info] > git config --local branch.evilreplace.vscode-merge-base [4ms]
2024-09-04 16:55:06.161 [info] > git for-each-ref --format=%(refname)%00%(upstream:short)%00%(objectname)%00%(upstream:track)%00%(upstream:remotename)%00%(upstream:remoteref) refs/heads/origin/master refs/remotes/origin/master [2ms]
2024-09-04 16:55:11.150 [info] > git config --get commit.template [5ms]
2024-09-04 16:55:11.151 [info] > git for-each-ref --format=%(refname)%00%(upstream:short)%00%(objectname)%00%(upstream:track)%00%(upstream:remotename)%00%(upstream:remoteref) refs/heads/evilreplace refs/remotes/evilreplace [1ms]
2024-09-04 16:55:11.158 [info] > git status -z -uall [4ms]
2024-09-04 16:55:11.166 [info] > git for-each-ref --format=%(refname)%00%(upstream:short)%00%(objectname)%00%(upstream:track)%00%(upstream:remotename)%00%(upstream:remoteref) refs/heads/evilreplace refs/remotes/evilreplace [3ms]
2024-09-04 16:55:11.172 [info] > git config --local branch.evilreplace.vscode-merge-base [2ms]
2024-09-04 16:55:11.179 [info] > git for-each-ref --format=%(refname)%00%(upstream:short)%00%(objectname)%00%(upstream:track)%00%(upstream:remotename)%00%(upstream:remoteref) refs/heads/origin/master refs/remotes/origin/master [2ms]
2024-09-04 18:09:48.025 [info] > git config --get commit.template [6ms]
2024-09-04 18:09:48.027 [info] > git for-each-ref --format=%(refname)%00%(upstream:short)%00%(objectname)%00%(upstream:track)%00%(upstream:remotename)%00%(upstream:remoteref) refs/heads/evilreplace refs/remotes/evilreplace [2ms]
2024-09-04 18:09:48.040 [info] > git status -z -uall [6ms]
2024-09-04 18:09:48.053 [info] > git for-each-ref --format=%(refname)%00%(upstream:short)%00%(objectname)%00%(upstream:track)%00%(upstream:remotename)%00%(upstream:remoteref) refs/heads/evilreplace refs/remotes/evilreplace [4ms]
2024-09-04 18:09:48.065 [info] > git config --local branch.evilreplace.vscode-merge-base [3ms]
2024-09-04 18:09:48.074 [info] > git for-each-ref --format=%(refname)%00%(upstream:short)%00%(objectname)%00%(upstream:track)%00%(upstream:remotename)%00%(upstream:remoteref) refs/heads/origin/master refs/remotes/origin/master [2ms]
