2024-09-04 16:48:58.752 [info] Extension host with pid 1493025 started
2024-09-04 16:48:58.752 [info] Skipping acquiring lock for /home/rasyiidwho/airgeddon/~/vscode/User/workspaceStorage/d846c3e37413db5b1a6a75188b607700.
2024-09-04 16:48:58.819 [info] ExtensionService#_doActivateExtension vscode.git-base, startup: true, activationEvent: '*'
2024-09-04 16:48:58.870 [info] ExtensionService#_doActivateExtension vscode.github, startup: true, activationEvent: '*'
2024-09-04 16:48:58.925 [info] Eager extensions activated
2024-09-04 16:48:58.929 [info] ExtensionService#_doActivateExtension vscode.debug-auto-launch, startup: false, activationEvent: 'onStartupFinished'
2024-09-04 16:48:58.931 [info] ExtensionService#_doActivateExtension vscode.merge-conflict, startup: false, activationEvent: 'onStartupFinished'
2024-09-04 16:49:04.835 [info] ExtensionService#_doActivateExtension vscode.git, startup: false, activationEvent: 'api', root cause: vscode.github
2024-09-04 16:49:05.136 [info] ExtensionService#_doActivateExtension vscode.emmet, startup: false, activationEvent: 'onLanguage'
2024-09-04 16:49:05.243 [info] ExtensionService#_doActivateExtension vscode.github-authentication, startup: false, activationEvent: 'onAuthenticationRequest:github'
2024-09-04 16:49:13.798 [warning] [Decorations] CAPPING events from decorations provider vscode.git 280
2024-09-04 16:49:18.832 [warning] [Decorations] CAPPING events from decorations provider vscode.git 298
2024-09-04 16:49:23.863 [warning] [Decorations] CAPPING events from decorations provider vscode.git 309
2024-09-04 16:49:28.899 [warning] [Decorations] CAPPING events from decorations provider vscode.git 310
2024-09-04 16:49:33.931 [warning] [Decorations] CAPPING events from decorations provider vscode.git 308
2024-09-04 16:49:38.962 [warning] [Decorations] CAPPING events from decorations provider vscode.git 306
2024-09-04 16:49:44.001 [warning] [Decorations] CAPPING events from decorations provider vscode.git 306
2024-09-04 16:49:49.034 [warning] [Decorations] CAPPING events from decorations provider vscode.git 306
2024-09-04 16:49:54.066 [warning] [Decorations] CAPPING events from decorations provider vscode.git 306
2024-09-04 16:49:59.095 [warning] [Decorations] CAPPING events from decorations provider vscode.git 306
2024-09-04 16:50:04.124 [warning] [Decorations] CAPPING events from decorations provider vscode.git 305
2024-09-04 16:50:09.157 [warning] [Decorations] CAPPING events from decorations provider vscode.git 305
2024-09-04 16:50:14.190 [warning] [Decorations] CAPPING events from decorations provider vscode.git 305
2024-09-04 16:50:19.223 [warning] [Decorations] CAPPING events from decorations provider vscode.git 305
2024-09-04 16:50:24.254 [warning] [Decorations] CAPPING events from decorations provider vscode.git 305
2024-09-04 16:50:29.292 [warning] [Decorations] CAPPING events from decorations provider vscode.git 305
2024-09-04 16:50:34.326 [warning] [Decorations] CAPPING events from decorations provider vscode.git 305
2024-09-04 16:50:39.358 [warning] [Decorations] CAPPING events from decorations provider vscode.git 305
2024-09-04 16:50:44.390 [warning] [Decorations] CAPPING events from decorations provider vscode.git 305
2024-09-04 16:50:49.422 [warning] [Decorations] CAPPING events from decorations provider vscode.git 305
2024-09-04 16:50:54.462 [warning] [Decorations] CAPPING events from decorations provider vscode.git 305
2024-09-04 16:50:59.509 [warning] [Decorations] CAPPING events from decorations provider vscode.git 306
2024-09-04 16:51:04.542 [warning] [Decorations] CAPPING events from decorations provider vscode.git 306
2024-09-04 16:51:09.575 [warning] [Decorations] CAPPING events from decorations provider vscode.git 306
2024-09-04 16:51:14.605 [warning] [Decorations] CAPPING events from decorations provider vscode.git 306
2024-09-04 16:51:19.638 [warning] [Decorations] CAPPING events from decorations provider vscode.git 306
2024-09-04 16:51:24.667 [warning] [Decorations] CAPPING events from decorations provider vscode.git 306
2024-09-04 16:51:29.699 [warning] [Decorations] CAPPING events from decorations provider vscode.git 306
2024-09-04 16:51:34.739 [warning] [Decorations] CAPPING events from decorations provider vscode.git 306
2024-09-04 16:51:39.774 [warning] [Decorations] CAPPING events from decorations provider vscode.git 306
2024-09-04 16:51:44.810 [warning] [Decorations] CAPPING events from decorations provider vscode.git 306
2024-09-04 16:51:49.847 [warning] [Decorations] CAPPING events from decorations provider vscode.git 306
2024-09-04 16:51:54.879 [warning] [Decorations] CAPPING events from decorations provider vscode.git 306
2024-09-04 16:51:59.907 [warning] [Decorations] CAPPING events from decorations provider vscode.git 306
2024-09-04 16:52:04.939 [warning] [Decorations] CAPPING events from decorations provider vscode.git 306
2024-09-04 16:52:09.968 [warning] [Decorations] CAPPING events from decorations provider vscode.git 306
2024-09-04 16:52:14.996 [warning] [Decorations] CAPPING events from decorations provider vscode.git 306
2024-09-04 16:52:20.029 [warning] [Decorations] CAPPING events from decorations provider vscode.git 306
2024-09-04 16:52:25.062 [warning] [Decorations] CAPPING events from decorations provider vscode.git 306
2024-09-04 16:52:30.091 [warning] [Decorations] CAPPING events from decorations provider vscode.git 306
2024-09-04 16:52:35.124 [warning] [Decorations] CAPPING events from decorations provider vscode.git 306
2024-09-04 16:52:40.160 [warning] [Decorations] CAPPING events from decorations provider vscode.git 306
2024-09-04 16:52:45.196 [warning] [Decorations] CAPPING events from decorations provider vscode.git 306
2024-09-04 16:52:50.226 [warning] [Decorations] CAPPING events from decorations provider vscode.git 306
2024-09-04 16:52:55.256 [warning] [Decorations] CAPPING events from decorations provider vscode.git 306
2024-09-04 16:53:00.302 [warning] [Decorations] CAPPING events from decorations provider vscode.git 306
2024-09-04 16:53:05.333 [warning] [Decorations] CAPPING events from decorations provider vscode.git 306
2024-09-04 16:53:10.369 [warning] [Decorations] CAPPING events from decorations provider vscode.git 306
2024-09-04 16:53:15.395 [warning] [Decorations] CAPPING events from decorations provider vscode.git 307
2024-09-04 16:53:20.421 [warning] [Decorations] CAPPING events from decorations provider vscode.git 307
2024-09-04 16:53:25.460 [warning] [Decorations] CAPPING events from decorations provider vscode.git 307
2024-09-04 16:53:30.496 [warning] [Decorations] CAPPING events from decorations provider vscode.git 307
2024-09-04 16:53:35.555 [warning] [Decorations] CAPPING events from decorations provider vscode.git 307
2024-09-04 16:53:40.588 [warning] [Decorations] CAPPING events from decorations provider vscode.git 307
2024-09-04 16:53:45.616 [warning] [Decorations] CAPPING events from decorations provider vscode.git 307
2024-09-04 16:53:50.649 [warning] [Decorations] CAPPING events from decorations provider vscode.git 307
2024-09-04 16:53:55.683 [warning] [Decorations] CAPPING events from decorations provider vscode.git 307
2024-09-04 16:54:00.711 [warning] [Decorations] CAPPING events from decorations provider vscode.git 307
2024-09-04 16:54:05.739 [warning] [Decorations] CAPPING events from decorations provider vscode.git 307
2024-09-04 16:54:10.766 [warning] [Decorations] CAPPING events from decorations provider vscode.git 307
2024-09-04 16:54:15.800 [warning] [Decorations] CAPPING events from decorations provider vscode.git 307
2024-09-04 16:54:20.836 [warning] [Decorations] CAPPING events from decorations provider vscode.git 307
2024-09-04 16:54:25.871 [warning] [Decorations] CAPPING events from decorations provider vscode.git 307
2024-09-04 16:54:30.906 [warning] [Decorations] CAPPING events from decorations provider vscode.git 309
2024-09-04 16:54:35.936 [warning] [Decorations] CAPPING events from decorations provider vscode.git 309
2024-09-04 16:54:40.972 [warning] [Decorations] CAPPING events from decorations provider vscode.git 309
2024-09-04 16:54:46.015 [warning] [Decorations] CAPPING events from decorations provider vscode.git 309
2024-09-04 16:54:51.046 [warning] [Decorations] CAPPING events from decorations provider vscode.git 309
2024-09-04 16:54:56.075 [warning] [Decorations] CAPPING events from decorations provider vscode.git 309
2024-09-04 16:55:01.101 [warning] [Decorations] CAPPING events from decorations provider vscode.git 310
2024-09-04 16:55:06.137 [warning] [Decorations] CAPPING events from decorations provider vscode.git 308
2024-09-04 16:55:11.164 [warning] [Decorations] CAPPING events from decorations provider vscode.git 309
2024-09-04 18:09:48.051 [warning] [Decorations] CAPPING events from decorations provider vscode.git 309
2024-09-04 18:09:49.116 [info] Extension host terminating: renderer closed the MessagePort
2024-09-04 18:09:49.146 [error] Canceled: Canceled
	at new C (/usr/share/code/resources/app/out/vs/workbench/api/node/extensionHostProcess.js:144:35204)
	at E.U (/usr/share/code/resources/app/out/vs/workbench/api/node/extensionHostProcess.js:151:6017)
	at B.<computed>.j.charCodeAt.R.CharCode.DollarSign.B.<computed> (/usr/share/code/resources/app/out/vs/workbench/api/node/extensionHostProcess.js:151:3107)
	at d.g (/usr/share/code/resources/app/out/vs/workbench/api/node/extensionHostProcess.js:154:205942)
	at d.executeCommand (/usr/share/code/resources/app/out/vs/workbench/api/node/extensionHostProcess.js:154:205380)
	at A.registerCommand.description (/usr/share/code/resources/app/out/vs/workbench/api/node/extensionHostProcess.js:154:204704)
	at d.h (/usr/share/code/resources/app/out/vs/workbench/api/node/extensionHostProcess.js:154:206481)
	at d.g (/usr/share/code/resources/app/out/vs/workbench/api/node/extensionHostProcess.js:154:205473)
	at d.executeCommand (/usr/share/code/resources/app/out/vs/workbench/api/node/extensionHostProcess.js:154:205380)
	at Object.executeCommand (/usr/share/code/resources/app/out/vs/workbench/api/node/extensionHostProcess.js:164:23060)
	at i.O [as value] (/usr/share/code/resources/app/extensions/git/dist/main.js:2:951642)
	at n.B (/usr/share/code/resources/app/out/vs/workbench/api/node/extensionHostProcess.js:83:737)
	at n.C (/usr/share/code/resources/app/out/vs/workbench/api/node/extensionHostProcess.js:83:807)
	at n.fire (/usr/share/code/resources/app/out/vs/workbench/api/node/extensionHostProcess.js:83:1023)
	at Object.p [as dispose] (/usr/share/code/resources/app/extensions/git/dist/main.js:2:972220)
	at /usr/share/code/resources/app/extensions/git/dist/main.js:2:978342
	at Array.forEach (<anonymous>)
	at f.dispose (/usr/share/code/resources/app/extensions/git/dist/main.js:2:978328)
	at a.<anonymous> (/usr/share/code/resources/app/out/vs/workbench/api/node/extensionHostProcess.js:152:4173)
	at a.dispose (/usr/share/code/resources/app/out/vs/workbench/api/node/extensionHostProcess.js:152:4270)
	at a.<anonymous> (/usr/share/code/resources/app/extensions/git/dist/main.js:2:953940)
	at a.dispose (/usr/share/code/resources/app/out/vs/workbench/api/node/extensionHostProcess.js:152:4270)
	at $ (/usr/share/code/resources/app/out/vs/workbench/api/node/extensionHostProcess.js:30:744)
	at /usr/share/code/resources/app/out/vs/workbench/api/node/extensionHostProcess.js:160:13379
	at /usr/share/code/resources/app/out/vs/workbench/api/node/extensionHostProcess.js:30:1112
	at Object.dispose (/usr/share/code/resources/app/out/vs/workbench/api/node/extensionHostProcess.js:11:11354)
	at m.eb (/usr/share/code/resources/app/out/vs/workbench/api/node/extensionHostProcess.js:160:10056)
	at /usr/share/code/resources/app/out/vs/workbench/api/node/extensionHostProcess.js:160:7927
	at Array.map (<anonymous>)
	at m.$ (/usr/share/code/resources/app/out/vs/workbench/api/node/extensionHostProcess.js:160:7914)
	at m.terminate (/usr/share/code/resources/app/out/vs/workbench/api/node/extensionHostProcess.js:160:8187)
	at $.terminate (/usr/share/code/resources/app/out/vs/workbench/api/node/extensionHostProcess.js:164:1513)
	at o (/usr/share/code/resources/app/out/vs/workbench/api/node/extensionHostProcess.js:177:10633)
	at MessagePortMain.<anonymous> (/usr/share/code/resources/app/out/vs/workbench/api/node/extensionHostProcess.js:177:6825)
	at MessagePortMain.emit (node:events:519:28)
	at MessagePortMain._internalPort.emit (node:electron/js2c/utility_init:2:2285) setContext undefined
2024-09-04 18:09:49.147 [error] Canceled: Canceled
	at new C (/usr/share/code/resources/app/out/vs/workbench/api/node/extensionHostProcess.js:144:35204)
	at E.U (/usr/share/code/resources/app/out/vs/workbench/api/node/extensionHostProcess.js:151:6017)
	at B.<computed>.j.charCodeAt.R.CharCode.DollarSign.B.<computed> (/usr/share/code/resources/app/out/vs/workbench/api/node/extensionHostProcess.js:151:3107)
	at d.g (/usr/share/code/resources/app/out/vs/workbench/api/node/extensionHostProcess.js:154:205942)
	at d.executeCommand (/usr/share/code/resources/app/out/vs/workbench/api/node/extensionHostProcess.js:154:205380)
	at A.registerCommand.description (/usr/share/code/resources/app/out/vs/workbench/api/node/extensionHostProcess.js:154:204704)
	at d.h (/usr/share/code/resources/app/out/vs/workbench/api/node/extensionHostProcess.js:154:206481)
	at d.g (/usr/share/code/resources/app/out/vs/workbench/api/node/extensionHostProcess.js:154:205473)
	at d.executeCommand (/usr/share/code/resources/app/out/vs/workbench/api/node/extensionHostProcess.js:154:205380)
	at Object.executeCommand (/usr/share/code/resources/app/out/vs/workbench/api/node/extensionHostProcess.js:164:23060)
	at set hasGitHubRepositories (/usr/share/code/resources/app/extensions/github/dist/extension.js:2:322969)
	at /usr/share/code/resources/app/extensions/github/dist/extension.js:2:323928
	at i.value (/usr/share/code/resources/app/extensions/git/dist/main.js:2:1060193)
	at n.B (/usr/share/code/resources/app/out/vs/workbench/api/node/extensionHostProcess.js:83:737)
	at n.C (/usr/share/code/resources/app/out/vs/workbench/api/node/extensionHostProcess.js:83:807)
	at n.fire (/usr/share/code/resources/app/out/vs/workbench/api/node/extensionHostProcess.js:83:1023)
	at Object.p [as dispose] (/usr/share/code/resources/app/extensions/git/dist/main.js:2:972220)
	at /usr/share/code/resources/app/extensions/git/dist/main.js:2:978342
	at Array.forEach (<anonymous>)
	at f.dispose (/usr/share/code/resources/app/extensions/git/dist/main.js:2:978328)
	at a.<anonymous> (/usr/share/code/resources/app/out/vs/workbench/api/node/extensionHostProcess.js:152:4173)
	at a.dispose (/usr/share/code/resources/app/out/vs/workbench/api/node/extensionHostProcess.js:152:4270)
	at a.<anonymous> (/usr/share/code/resources/app/extensions/git/dist/main.js:2:953940)
	at a.dispose (/usr/share/code/resources/app/out/vs/workbench/api/node/extensionHostProcess.js:152:4270)
	at $ (/usr/share/code/resources/app/out/vs/workbench/api/node/extensionHostProcess.js:30:744)
	at /usr/share/code/resources/app/out/vs/workbench/api/node/extensionHostProcess.js:160:13379
	at /usr/share/code/resources/app/out/vs/workbench/api/node/extensionHostProcess.js:30:1112
	at Object.dispose (/usr/share/code/resources/app/out/vs/workbench/api/node/extensionHostProcess.js:11:11354)
	at m.eb (/usr/share/code/resources/app/out/vs/workbench/api/node/extensionHostProcess.js:160:10056)
	at /usr/share/code/resources/app/out/vs/workbench/api/node/extensionHostProcess.js:160:7927
	at Array.map (<anonymous>)
	at m.$ (/usr/share/code/resources/app/out/vs/workbench/api/node/extensionHostProcess.js:160:7914)
	at m.terminate (/usr/share/code/resources/app/out/vs/workbench/api/node/extensionHostProcess.js:160:8187)
	at $.terminate (/usr/share/code/resources/app/out/vs/workbench/api/node/extensionHostProcess.js:164:1513)
	at o (/usr/share/code/resources/app/out/vs/workbench/api/node/extensionHostProcess.js:177:10633)
	at MessagePortMain.<anonymous> (/usr/share/code/resources/app/out/vs/workbench/api/node/extensionHostProcess.js:177:6825)
	at MessagePortMain.emit (node:events:519:28)
	at MessagePortMain._internalPort.emit (node:electron/js2c/utility_init:2:2285) setContext undefined
2024-09-04 18:09:49.147 [info] Extension host with pid 1493025 exiting with code 0
